This is pdfTeX, Version 3.1415926-2.5-1.40.14 (MiKTeX 2.9) (preloaded format=pdflatex 2015.2.9)  29 MAY 2015 09:29
entering extended mode
**main.tex
(C:\Users\pc1\Documents\ThesisReport\EnsembleTrackingThesis\main.tex
LaTeX2e <2011/06/27>
Babel <v3.8m> and hyphenation patterns for english, afrikaans, ancientgreek, ar
abic, armenian, assamese, basque, bengali, bokmal, bulgarian, catalan, coptic, 
croatian, czech, danish, dutch, esperanto, estonian, farsi, finnish, french, ga
lician, german, german-x-2013-05-26, greek, gujarati, hindi, hungarian, iceland
ic, indonesian, interlingua, irish, italian, kannada, kurmanji, latin, latvian,
 lithuanian, malayalam, marathi, mongolian, mongolianlmc, monogreek, ngerman, n
german-x-2013-05-26, nynorsk, oriya, panjabi, pinyin, polish, portuguese, roman
ian, russian, sanskrit, serbian, slovak, slovenian, spanish, swedish, swissgerm
an, tamil, telugu, turkish, turkmen, ukenglish, ukrainian, uppersorbian, usengl
ishmax, welsh, loaded.
(C:\Users\pc1\Documents\ThesisReport\EnsembleTrackingThesis\Thesis.cls
Document Class: Thesis 2007/22/02 v1.0 LaTeX document class
("C:\Program Files (x86)\MiKTeX 2.9\tex\latex\base\book.cls"
Document Class: book 2007/10/19 v1.4h Standard LaTeX document class
("C:\Program Files (x86)\MiKTeX 2.9\tex\latex\base\bk11.clo"
File: bk11.clo 2007/10/19 v1.4h Standard LaTeX file (size option)
)
\c@part=\count79
\c@chapter=\count80
\c@section=\count81
\c@subsection=\count82
\c@subsubsection=\count83
\c@paragraph=\count84
\c@subparagraph=\count85
\c@figure=\count86
\c@table=\count87
\abovecaptionskip=\skip41
\belowcaptionskip=\skip42
\bibindent=\dimen102
)
(C:\Users\pc1\AppData\Roaming\MiKTeX\2.9\tex\latex\setspace\setspace.sty
Package: setspace 2011/12/19 v6.7a set line spacing
)
(C:\Users\pc1\AppData\Roaming\MiKTeX\2.9\tex\latex\ieeepes\vmargin.sty
Package: vmargin 1999/06/01

Package `vmargin', V2.2, <1999/06/01>
\PaperWidth=\dimen103
\PaperHeight=\dimen104
) ("C:\Program Files (x86)\MiKTeX 2.9\tex\latex\base\inputenc.sty"
Package: inputenc 2008/03/30 v1.1d Input encoding file
\inpenc@prehook=\toks14
\inpenc@posthook=\toks15

("C:\Program Files (x86)\MiKTeX 2.9\tex\latex\base\utf8.def"
File: utf8.def 2008/04/05 v1.1m UTF-8 support for inputenc
Now handling font encoding OML ...
... no UTF-8 mapping file for font encoding OML
Now handling font encoding T1 ...
... processing UTF-8 mapping file for font encoding T1

("C:\Program Files (x86)\MiKTeX 2.9\tex\latex\base\t1enc.dfu"
File: t1enc.dfu 2008/04/05 v1.1m UTF-8 support for inputenc
   defining Unicode char U+00A1 (decimal 161)
   defining Unicode char U+00A3 (decimal 163)
   defining Unicode char U+00AB (decimal 171)
   defining Unicode char U+00BB (decimal 187)
   defining Unicode char U+00BF (decimal 191)
   defining Unicode char U+00C0 (decimal 192)
   defining Unicode char U+00C1 (decimal 193)
   defining Unicode char U+00C2 (decimal 194)
   defining Unicode char U+00C3 (decimal 195)
   defining Unicode char U+00C4 (decimal 196)
   defining Unicode char U+00C5 (decimal 197)
   defining Unicode char U+00C6 (decimal 198)
   defining Unicode char U+00C7 (decimal 199)
   defining Unicode char U+00C8 (decimal 200)
   defining Unicode char U+00C9 (decimal 201)
   defining Unicode char U+00CA (decimal 202)
   defining Unicode char U+00CB (decimal 203)
   defining Unicode char U+00CC (decimal 204)
   defining Unicode char U+00CD (decimal 205)
   defining Unicode char U+00CE (decimal 206)
   defining Unicode char U+00CF (decimal 207)
   defining Unicode char U+00D0 (decimal 208)
   defining Unicode char U+00D1 (decimal 209)
   defining Unicode char U+00D2 (decimal 210)
   defining Unicode char U+00D3 (decimal 211)
   defining Unicode char U+00D4 (decimal 212)
   defining Unicode char U+00D5 (decimal 213)
   defining Unicode char U+00D6 (decimal 214)
   defining Unicode char U+00D8 (decimal 216)
   defining Unicode char U+00D9 (decimal 217)
   defining Unicode char U+00DA (decimal 218)
   defining Unicode char U+00DB (decimal 219)
   defining Unicode char U+00DC (decimal 220)
   defining Unicode char U+00DD (decimal 221)
   defining Unicode char U+00DE (decimal 222)
   defining Unicode char U+00DF (decimal 223)
   defining Unicode char U+00E0 (decimal 224)
   defining Unicode char U+00E1 (decimal 225)
   defining Unicode char U+00E2 (decimal 226)
   defining Unicode char U+00E3 (decimal 227)
   defining Unicode char U+00E4 (decimal 228)
   defining Unicode char U+00E5 (decimal 229)
   defining Unicode char U+00E6 (decimal 230)
   defining Unicode char U+00E7 (decimal 231)
   defining Unicode char U+00E8 (decimal 232)
   defining Unicode char U+00E9 (decimal 233)
   defining Unicode char U+00EA (decimal 234)
   defining Unicode char U+00EB (decimal 235)
   defining Unicode char U+00EC (decimal 236)
   defining Unicode char U+00ED (decimal 237)
   defining Unicode char U+00EE (decimal 238)
   defining Unicode char U+00EF (decimal 239)
   defining Unicode char U+00F0 (decimal 240)
   defining Unicode char U+00F1 (decimal 241)
   defining Unicode char U+00F2 (decimal 242)
   defining Unicode char U+00F3 (decimal 243)
   defining Unicode char U+00F4 (decimal 244)
   defining Unicode char U+00F5 (decimal 245)
   defining Unicode char U+00F6 (decimal 246)
   defining Unicode char U+00F8 (decimal 248)
   defining Unicode char U+00F9 (decimal 249)
   defining Unicode char U+00FA (decimal 250)
   defining Unicode char U+00FB (decimal 251)
   defining Unicode char U+00FC (decimal 252)
   defining Unicode char U+00FD (decimal 253)
   defining Unicode char U+00FE (decimal 254)
   defining Unicode char U+00FF (decimal 255)
   defining Unicode char U+0102 (decimal 258)
   defining Unicode char U+0103 (decimal 259)
   defining Unicode char U+0104 (decimal 260)
   defining Unicode char U+0105 (decimal 261)
   defining Unicode char U+0106 (decimal 262)
   defining Unicode char U+0107 (decimal 263)
   defining Unicode char U+010C (decimal 268)
   defining Unicode char U+010D (decimal 269)
   defining Unicode char U+010E (decimal 270)
   defining Unicode char U+010F (decimal 271)
   defining Unicode char U+0110 (decimal 272)
   defining Unicode char U+0111 (decimal 273)
   defining Unicode char U+0118 (decimal 280)
   defining Unicode char U+0119 (decimal 281)
   defining Unicode char U+011A (decimal 282)
   defining Unicode char U+011B (decimal 283)
   defining Unicode char U+011E (decimal 286)
   defining Unicode char U+011F (decimal 287)
   defining Unicode char U+0130 (decimal 304)
   defining Unicode char U+0131 (decimal 305)
   defining Unicode char U+0132 (decimal 306)
   defining Unicode char U+0133 (decimal 307)
   defining Unicode char U+0139 (decimal 313)
   defining Unicode char U+013A (decimal 314)
   defining Unicode char U+013D (decimal 317)
   defining Unicode char U+013E (decimal 318)
   defining Unicode char U+0141 (decimal 321)
   defining Unicode char U+0142 (decimal 322)
   defining Unicode char U+0143 (decimal 323)
   defining Unicode char U+0144 (decimal 324)
   defining Unicode char U+0147 (decimal 327)
   defining Unicode char U+0148 (decimal 328)
   defining Unicode char U+014A (decimal 330)
   defining Unicode char U+014B (decimal 331)
   defining Unicode char U+0150 (decimal 336)
   defining Unicode char U+0151 (decimal 337)
   defining Unicode char U+0152 (decimal 338)
   defining Unicode char U+0153 (decimal 339)
   defining Unicode char U+0154 (decimal 340)
   defining Unicode char U+0155 (decimal 341)
   defining Unicode char U+0158 (decimal 344)
   defining Unicode char U+0159 (decimal 345)
   defining Unicode char U+015A (decimal 346)
   defining Unicode char U+015B (decimal 347)
   defining Unicode char U+015E (decimal 350)
   defining Unicode char U+015F (decimal 351)
   defining Unicode char U+0160 (decimal 352)
   defining Unicode char U+0161 (decimal 353)
   defining Unicode char U+0162 (decimal 354)
   defining Unicode char U+0163 (decimal 355)
   defining Unicode char U+0164 (decimal 356)
   defining Unicode char U+0165 (decimal 357)
   defining Unicode char U+016E (decimal 366)
   defining Unicode char U+016F (decimal 367)
   defining Unicode char U+0170 (decimal 368)
   defining Unicode char U+0171 (decimal 369)
   defining Unicode char U+0178 (decimal 376)
   defining Unicode char U+0179 (decimal 377)
   defining Unicode char U+017A (decimal 378)
   defining Unicode char U+017B (decimal 379)
   defining Unicode char U+017C (decimal 380)
   defining Unicode char U+017D (decimal 381)
   defining Unicode char U+017E (decimal 382)
   defining Unicode char U+200C (decimal 8204)
   defining Unicode char U+2013 (decimal 8211)
   defining Unicode char U+2014 (decimal 8212)
   defining Unicode char U+2018 (decimal 8216)
   defining Unicode char U+2019 (decimal 8217)
   defining Unicode char U+201A (decimal 8218)
   defining Unicode char U+201C (decimal 8220)
   defining Unicode char U+201D (decimal 8221)
   defining Unicode char U+201E (decimal 8222)
   defining Unicode char U+2030 (decimal 8240)
   defining Unicode char U+2031 (decimal 8241)
   defining Unicode char U+2039 (decimal 8249)
   defining Unicode char U+203A (decimal 8250)
   defining Unicode char U+2423 (decimal 9251)
)
Now handling font encoding OT1 ...
... processing UTF-8 mapping file for font encoding OT1

("C:\Program Files (x86)\MiKTeX 2.9\tex\latex\base\ot1enc.dfu"
File: ot1enc.dfu 2008/04/05 v1.1m UTF-8 support for inputenc
   defining Unicode char U+00A1 (decimal 161)
   defining Unicode char U+00A3 (decimal 163)
   defining Unicode char U+00B8 (decimal 184)
   defining Unicode char U+00BF (decimal 191)
   defining Unicode char U+00C5 (decimal 197)
   defining Unicode char U+00C6 (decimal 198)
   defining Unicode char U+00D8 (decimal 216)
   defining Unicode char U+00DF (decimal 223)
   defining Unicode char U+00E6 (decimal 230)
   defining Unicode char U+00EC (decimal 236)
   defining Unicode char U+00ED (decimal 237)
   defining Unicode char U+00EE (decimal 238)
   defining Unicode char U+00EF (decimal 239)
   defining Unicode char U+00F8 (decimal 248)
   defining Unicode char U+0131 (decimal 305)
   defining Unicode char U+0141 (decimal 321)
   defining Unicode char U+0142 (decimal 322)
   defining Unicode char U+0152 (decimal 338)
   defining Unicode char U+0153 (decimal 339)
   defining Unicode char U+2013 (decimal 8211)
   defining Unicode char U+2014 (decimal 8212)
   defining Unicode char U+2018 (decimal 8216)
   defining Unicode char U+2019 (decimal 8217)
   defining Unicode char U+201C (decimal 8220)
   defining Unicode char U+201D (decimal 8221)
)
Now handling font encoding OMS ...
... processing UTF-8 mapping file for font encoding OMS

("C:\Program Files (x86)\MiKTeX 2.9\tex\latex\base\omsenc.dfu"
File: omsenc.dfu 2008/04/05 v1.1m UTF-8 support for inputenc
   defining Unicode char U+00A7 (decimal 167)
   defining Unicode char U+00B6 (decimal 182)
   defining Unicode char U+00B7 (decimal 183)
   defining Unicode char U+2020 (decimal 8224)
   defining Unicode char U+2021 (decimal 8225)
   defining Unicode char U+2022 (decimal 8226)
)
Now handling font encoding OMX ...
... no UTF-8 mapping file for font encoding OMX
Now handling font encoding U ...
... no UTF-8 mapping file for font encoding U
   defining Unicode char U+00A9 (decimal 169)
   defining Unicode char U+00AA (decimal 170)
   defining Unicode char U+00AE (decimal 174)
   defining Unicode char U+00BA (decimal 186)
   defining Unicode char U+02C6 (decimal 710)
   defining Unicode char U+02DC (decimal 732)
   defining Unicode char U+200C (decimal 8204)
   defining Unicode char U+2026 (decimal 8230)
   defining Unicode char U+2122 (decimal 8482)
   defining Unicode char U+2423 (decimal 9251)
))
(C:\Users\pc1\AppData\Roaming\MiKTeX\2.9\tex\latex\fancyhdr\fancyhdr.sty
\fancy@headwidth=\skip43
\f@ncyO@elh=\skip44
\f@ncyO@erh=\skip45
\f@ncyO@olh=\skip46
\f@ncyO@orh=\skip47
\f@ncyO@elf=\skip48
\f@ncyO@erf=\skip49
\f@ncyO@olf=\skip50
\f@ncyO@orf=\skip51
)
("C:\Program Files (x86)\MiKTeX 2.9\tex\latex\amsmath\amsmath.sty"
Package: amsmath 2013/01/14 v2.14 AMS math features
\@mathmargin=\skip52

For additional information on amsmath, use the `?' option.
("C:\Program Files (x86)\MiKTeX 2.9\tex\latex\amsmath\amstext.sty"
Package: amstext 2000/06/29 v2.01

("C:\Program Files (x86)\MiKTeX 2.9\tex\latex\amsmath\amsgen.sty"
File: amsgen.sty 1999/11/30 v2.0
\@emptytoks=\toks16
\ex@=\dimen105
))
("C:\Program Files (x86)\MiKTeX 2.9\tex\latex\amsmath\amsbsy.sty"
Package: amsbsy 1999/11/29 v1.2d
\pmbraise@=\dimen106
)
("C:\Program Files (x86)\MiKTeX 2.9\tex\latex\amsmath\amsopn.sty"
Package: amsopn 1999/12/14 v2.01 operator names
)
\inf@bad=\count88
LaTeX Info: Redefining \frac on input line 210.
\uproot@=\count89
\leftroot@=\count90
LaTeX Info: Redefining \overline on input line 306.
\classnum@=\count91
\DOTSCASE@=\count92
LaTeX Info: Redefining \ldots on input line 378.
LaTeX Info: Redefining \dots on input line 381.
LaTeX Info: Redefining \cdots on input line 466.
\Mathstrutbox@=\box26
\strutbox@=\box27
\big@size=\dimen107
LaTeX Font Info:    Redeclaring font encoding OML on input line 566.
LaTeX Font Info:    Redeclaring font encoding OMS on input line 567.
\macc@depth=\count93
\c@MaxMatrixCols=\count94
\dotsspace@=\muskip10
\c@parentequation=\count95
\dspbrk@lvl=\count96
\tag@help=\toks17
\row@=\count97
\column@=\count98
\maxfields@=\count99
\andhelp@=\toks18
\eqnshift@=\dimen108
\alignsep@=\dimen109
\tagshift@=\dimen110
\tagwidth@=\dimen111
\totwidth@=\dimen112
\lineht@=\dimen113
\@envbody=\toks19
\multlinegap=\skip53
\multlinetaggap=\skip54
\mathdisplay@stack=\toks20
LaTeX Info: Redefining \[ on input line 2665.
LaTeX Info: Redefining \] on input line 2666.
)
("C:\Program Files (x86)\MiKTeX 2.9\tex\latex\amsfonts\amsfonts.sty"
Package: amsfonts 2013/01/14 v3.01 Basic AMSFonts support
\symAMSa=\mathgroup4
\symAMSb=\mathgroup5
LaTeX Font Info:    Overwriting math alphabet `\mathfrak' in version `bold'
(Font)                  U/euf/m/n --> U/euf/b/n on input line 106.
)
("C:\Program Files (x86)\MiKTeX 2.9\tex\latex\amsfonts\amssymb.sty"
Package: amssymb 2013/01/14 v3.01 AMS font symbols
)
("C:\Program Files (x86)\MiKTeX 2.9\tex\latex\amsmath\amscd.sty"
Package: amscd 1999/11/29 v2.0
\athelp@=\toks21
\minaw@=\dimen114
\bigaw@=\dimen115
\minCDarrowwidth=\dimen116
)
("C:\Program Files (x86)\MiKTeX 2.9\tex\latex\amscls\amsthm.sty"
Package: amsthm 2004/08/06 v2.20
\thm@style=\toks22
\thm@bodyfont=\toks23
\thm@headfont=\toks24
\thm@notefont=\toks25
\thm@headpunct=\toks26
\thm@preskip=\skip55
\thm@postskip=\skip56
\thm@headsep=\skip57
\dth@everypar=\toks27
)
("C:\Program Files (x86)\MiKTeX 2.9\tex\latex\tools\xspace.sty"
Package: xspace 2009/10/20 v1.13 Space after command names (DPC,MH)
)
\c@example=\count100
\c@theorem=\count101

(C:\Users\pc1\AppData\Roaming\MiKTeX\2.9\tex\latex\caption\caption.sty
Package: caption 2013/05/02 v3.3-89 Customizing captions (AR)

(C:\Users\pc1\AppData\Roaming\MiKTeX\2.9\tex\latex\caption\caption3.sty
Package: caption3 2013/05/02 v1.6-88 caption3 kernel (AR)
Package caption3 Info: TeX engine: e-TeX on input line 57.

("C:\Program Files (x86)\MiKTeX 2.9\tex\latex\graphics\keyval.sty"
Package: keyval 1999/03/16 v1.13 key=value parser (DPC)
\KV@toks@=\toks28
)
\captionmargin=\dimen117
\captionmargin@=\dimen118
\captionwidth=\dimen119
\caption@tempdima=\dimen120
\caption@indent=\dimen121
\caption@parindent=\dimen122
\caption@hangindent=\dimen123
)
\c@ContinuedFloat=\count102
)
("C:\Program Files (x86)\MiKTeX 2.9\tex\latex\graphics\graphicx.sty"
Package: graphicx 1999/02/16 v1.0f Enhanced LaTeX Graphics (DPC,SPQR)

("C:\Program Files (x86)\MiKTeX 2.9\tex\latex\graphics\graphics.sty"
Package: graphics 2009/02/05 v1.0o Standard LaTeX Graphics (DPC,SPQR)

("C:\Program Files (x86)\MiKTeX 2.9\tex\latex\graphics\trig.sty"
Package: trig 1999/03/16 v1.09 sin cos tan (DPC)
)
("C:\Program Files (x86)\MiKTeX 2.9\tex\latex\00miktex\graphics.cfg"
File: graphics.cfg 2007/01/18 v1.5 graphics configuration of teTeX/TeXLive
)
Package graphics Info: Driver file: pdftex.def on input line 91.

("C:\Program Files (x86)\MiKTeX 2.9\tex\latex\pdftex-def\pdftex.def"
File: pdftex.def 2011/05/27 v0.06d Graphics/color for pdfTeX

("C:\Program Files (x86)\MiKTeX 2.9\tex\generic\oberdiek\infwarerr.sty"
Package: infwarerr 2010/04/08 v1.3 Providing info/warning/error messages (HO)
)
("C:\Program Files (x86)\MiKTeX 2.9\tex\generic\oberdiek\ltxcmds.sty"
Package: ltxcmds 2011/11/09 v1.22 LaTeX kernel commands for general use (HO)
)
\Gread@gobject=\count103
))
\Gin@req@height=\dimen124
\Gin@req@width=\dimen125
)
("C:\Program Files (x86)\MiKTeX 2.9\tex\latex\oberdiek\epstopdf.sty"
Package: epstopdf 2010/02/09 v2.5 Conversion with epstopdf on the fly (HO)

("C:\Program Files (x86)\MiKTeX 2.9\tex\latex\oberdiek\epstopdf-base.sty"
Package: epstopdf-base 2010/02/09 v2.5 Base part for package epstopdf

("C:\Program Files (x86)\MiKTeX 2.9\tex\latex\oberdiek\grfext.sty"
Package: grfext 2010/08/19 v1.1 Manage graphics extensions (HO)

("C:\Program Files (x86)\MiKTeX 2.9\tex\generic\oberdiek\kvdefinekeys.sty"
Package: kvdefinekeys 2011/04/07 v1.3 Define keys (HO)
))
("C:\Program Files (x86)\MiKTeX 2.9\tex\latex\oberdiek\kvoptions.sty"
Package: kvoptions 2011/06/30 v3.11 Key value format for package options (HO)

("C:\Program Files (x86)\MiKTeX 2.9\tex\generic\oberdiek\kvsetkeys.sty"
Package: kvsetkeys 2012/04/25 v1.16 Key value parser (HO)

("C:\Program Files (x86)\MiKTeX 2.9\tex\generic\oberdiek\etexcmds.sty"
Package: etexcmds 2011/02/16 v1.5 Avoid name clashes with e-TeX commands (HO)

("C:\Program Files (x86)\MiKTeX 2.9\tex\generic\oberdiek\ifluatex.sty"
Package: ifluatex 2010/03/01 v1.3 Provides the ifluatex switch (HO)
Package ifluatex Info: LuaTeX not detected.
)
Package etexcmds Info: Could not find \expanded.
(etexcmds)             That can mean that you are not using pdfTeX 1.50 or
(etexcmds)             that some package has redefined \expanded.
(etexcmds)             In the latter case, load this package earlier.
)))
("C:\Program Files (x86)\MiKTeX 2.9\tex\generic\oberdiek\pdftexcmds.sty"
Package: pdftexcmds 2011/11/29 v0.20 Utility functions of pdfTeX for LuaTeX (HO
)

("C:\Program Files (x86)\MiKTeX 2.9\tex\generic\oberdiek\ifpdf.sty"
Package: ifpdf 2011/01/30 v2.3 Provides the ifpdf switch (HO)
Package ifpdf Info: pdfTeX in PDF mode is detected.
)
Package pdftexcmds Info: LuaTeX not detected.
Package pdftexcmds Info: \pdf@primitive is available.
Package pdftexcmds Info: \pdf@ifprimitive is available.
Package pdftexcmds Info: \pdfdraftmode found.
)
Package grfext Info: Graphics extension search list:
(grfext)             [.png,.pdf,.jpg,.mps,.jpeg,.jbig2,.jb2,.PNG,.PDF,.JPG,.JPE
G,.JBIG2,.JB2,.eps]
(grfext)             \AppendGraphicsExtensions on input line 452.
))
(C:\Users\pc1\AppData\Roaming\MiKTeX\2.9\tex\latex\booktabs\booktabs.sty
Package: booktabs 2005/04/14 v1.61803 publication quality tables
\heavyrulewidth=\dimen126
\lightrulewidth=\dimen127
\cmidrulewidth=\dimen128
\belowrulesep=\dimen129
\belowbottomsep=\dimen130
\aboverulesep=\dimen131
\abovetopsep=\dimen132
\cmidrulesep=\dimen133
\cmidrulekern=\dimen134
\defaultaddspace=\dimen135
\@cmidla=\count104
\@cmidlb=\count105
\@aboverulesep=\dimen136
\@belowrulesep=\dimen137
\@thisruleclass=\count106
\@lastruleclass=\count107
\@thisrulewidth=\dimen138
)
(C:\Users\pc1\AppData\Roaming\MiKTeX\2.9\tex\latex\rotating\rotating.sty
Package: rotating 2009/03/28 v2.16a rotated objects in LaTeX

("C:\Program Files (x86)\MiKTeX 2.9\tex\latex\base\ifthen.sty"
Package: ifthen 2001/05/26 v1.1c Standard LaTeX ifthen package (DPC)
)
\c@r@tfl@t=\count108
\rotFPtop=\skip58
\rotFPbot=\skip59
\rot@float@box=\box28
\rot@mess@toks=\toks29
)
(C:\Users\pc1\AppData\Roaming\MiKTeX\2.9\tex\latex\listings\listings.sty
\lst@mode=\count109
\lst@gtempboxa=\box29
\lst@token=\toks30
\lst@length=\count110
\lst@currlwidth=\dimen139
\lst@column=\count111
\lst@pos=\count112
\lst@lostspace=\dimen140
\lst@width=\dimen141
\lst@newlines=\count113
\lst@lineno=\count114
\lst@maxwidth=\dimen142

(C:\Users\pc1\Documents\ThesisReport\EnsembleTrackingThesis\lstpatch.sty

***
*** This is a patch for listings 1.3, but you're using
*** version 1.5e.
***
*** Patch file not loaded.
***

) (C:\Users\pc1\AppData\Roaming\MiKTeX\2.9\tex\latex\listings\lstmisc.sty
File: lstmisc.sty 2014/09/06 1.5e (Carsten Heinz)
\c@lstnumber=\count115
\lst@skipnumbers=\count116
\lst@framebox=\box30
)
(C:\Users\pc1\AppData\Roaming\MiKTeX\2.9\tex\latex\listings\listings.cfg
File: listings.cfg 2014/09/06 1.5e listings configuration
))
Package: listings 2014/09/06 1.5e (Carsten Heinz)

(C:\Users\pc1\Documents\ThesisReport\EnsembleTrackingThesis\lstpatch.sty

***
*** This is a patch for listings 1.3, but you're using
*** version 1.5e.
***
 *** Patch file not loaded.
***

) ("C:\Program Files (x86)\MiKTeX 2.9\tex\latex\hyperref\hyperref.sty"
Package: hyperref 2012/11/06 v6.83m Hypertext links for LaTeX

("C:\Program Files (x86)\MiKTeX 2.9\tex\generic\oberdiek\hobsub-hyperref.sty"
Package: hobsub-hyperref 2012/04/25 v1.12 Bundle oberdiek, subset hyperref (HO)


("C:\Program Files (x86)\MiKTeX 2.9\tex\generic\oberdiek\hobsub-generic.sty"
Package: hobsub-generic 2012/04/25 v1.12 Bundle oberdiek, subset generic (HO)
Package: hobsub 2012/04/25 v1.12 Construct package bundles (HO)
Package hobsub Info: Skipping package `infwarerr' (already loaded).
Package hobsub Info: Skipping package `ltxcmds' (already loaded).
Package hobsub Info: Skipping package `ifluatex' (already loaded).
Package: ifvtex 2010/03/01 v1.5 Detect VTeX and its facilities (HO)
Package ifvtex Info: VTeX not detected.
Package: intcalc 2007/09/27 v1.1 Expandable calculations with integers (HO)
Package hobsub Info: Skipping package `ifpdf' (already loaded).
Package hobsub Info: Skipping package `etexcmds' (already loaded).
Package hobsub Info: Skipping package `kvsetkeys' (already loaded).
Package hobsub Info: Skipping package `kvdefinekeys' (already loaded).
Package hobsub Info: Skipping package `pdftexcmds' (already loaded).
Package: pdfescape 2011/11/25 v1.13 Implements pdfTeX's escape features (HO)
Package: bigintcalc 2012/04/08 v1.3 Expandable calculations on big integers (HO
)
Package: bitset 2011/01/30 v1.1 Handle bit-vector datatype (HO)
Package: uniquecounter 2011/01/30 v1.2 Provide unlimited unique counter (HO)
)
Package hobsub Info: Skipping package `hobsub' (already loaded).
Package: letltxmacro 2010/09/02 v1.4 Let assignment for LaTeX macros (HO)
Package: hopatch 2011/06/24 v1.1 Wrapper for package hooks (HO)
Package: xcolor-patch 2011/01/30 xcolor patch
Package: atveryend 2011/06/30 v1.8 Hooks at the very end of document (HO)
Package atveryend Info: \enddocument detected (standard20110627).
Package: atbegshi 2011/10/05 v1.16 At begin shipout hook (HO)
Package: refcount 2011/10/16 v3.4 Data extraction from label references (HO)
Package: hycolor 2011/01/30 v1.7 Color options for hyperref/bookmark (HO)
)
("C:\Program Files (x86)\MiKTeX 2.9\tex\generic\ifxetex\ifxetex.sty"
Package: ifxetex 2010/09/12 v0.6 Provides ifxetex conditional
)
("C:\Program Files (x86)\MiKTeX 2.9\tex\latex\oberdiek\auxhook.sty"
Package: auxhook 2011/03/04 v1.3 Hooks for auxiliary files (HO)
)
\@linkdim=\dimen143
\Hy@linkcounter=\count117
\Hy@pagecounter=\count118

("C:\Program Files (x86)\MiKTeX 2.9\tex\latex\hyperref\pd1enc.def"
File: pd1enc.def 2012/11/06 v6.83m Hyperref: PDFDocEncoding definition (HO)
Now handling font encoding PD1 ...
... no UTF-8 mapping file for font encoding PD1
)
\Hy@SavedSpaceFactor=\count119

("C:\Program Files (x86)\MiKTeX 2.9\tex\latex\00miktex\hyperref.cfg"
File: hyperref.cfg 2002/06/06 v1.2 hyperref configuration of TeXLive
)
Package hyperref Info: Option `bookmarks' set `true' on input line 4319.
Package hyperref Info: Option `bookmarksopen' set `true' on input line 4319.
Package hyperref Info: Option `bookmarksnumbered' set `true' on input line 4319
.
Package hyperref Info: Option `hypertexnames' set `false' on input line 4319.
Package hyperref Info: Option `colorlinks' set `true' on input line 4319.
Package hyperref Info: Option `unicode' set `true' on input line 4319.

("C:\Program Files (x86)\MiKTeX 2.9\tex\latex\hyperref\puenc.def"
File: puenc.def 2012/11/06 v6.83m Hyperref: PDF Unicode definition (HO)
Now handling font encoding PU ...
... no UTF-8 mapping file for font encoding PU
)
Package hyperref Info: Option `breaklinks' set `true' on input line 4319.
Package hyperref Info: Hyper figures OFF on input line 4443.
Package hyperref Info: Link nesting OFF on input line 4448.
Package hyperref Info: Hyper index ON on input line 4451.
Package hyperref Info: Plain pages OFF on input line 4458.
Package hyperref Info: Backreferencing OFF on input line 4463.
Package hyperref Info: Implicit mode ON; LaTeX internals redefined.
Package hyperref Info: Bookmarks ON on input line 4688.
\c@Hy@tempcnt=\count120

(C:\Users\pc1\AppData\Roaming\MiKTeX\2.9\tex\latex\url\url.sty
\Urlmuskip=\muskip11
Package: url 2013/09/16  ver 3.4  Verb mode for urls, etc.
)
LaTeX Info: Redefining \url on input line 5041.
\XeTeXLinkMargin=\dimen144
\Fld@menulength=\count121
\Field@Width=\dimen145
\Fld@charsize=\dimen146
Package hyperref Info: Hyper figures OFF on input line 6295.
Package hyperref Info: Link nesting OFF on input line 6300.
Package hyperref Info: Hyper index ON on input line 6303.
Package hyperref Info: backreferencing OFF on input line 6310.
Package hyperref Info: Link coloring ON on input line 6313.
Package hyperref Info: Link coloring with OCG OFF on input line 6320.
Package hyperref Info: PDF/A mode OFF on input line 6325.
LaTeX Info: Redefining \ref on input line 6365.
LaTeX Info: Redefining \pageref on input line 6369.
\Hy@abspage=\count122
\c@Item=\count123
\c@Hfootnote=\count124
)

Package hyperref Message: Driver (autodetected): hpdftex.

("C:\Program Files (x86)\MiKTeX 2.9\tex\latex\hyperref\hpdftex.def"
File: hpdftex.def 2012/11/06 v6.83m Hyperref driver for pdfTeX
\Fld@listcount=\count125
\c@bookmark@seq@number=\count126

("C:\Program Files (x86)\MiKTeX 2.9\tex\latex\oberdiek\rerunfilecheck.sty"
Package: rerunfilecheck 2011/04/15 v1.7 Rerun checks for auxiliary files (HO)
Package uniquecounter Info: New unique counter `rerunfilecheck' on input line 2
82.
)
\Hy@SectionHShift=\skip60
)
\c@dummy=\count127

("C:\Program Files (x86)\MiKTeX 2.9\tex\latex\tools\longtable.sty"
Package: longtable 2004/02/01 v4.11 Multi-page Table package (DPC)
\LTleft=\skip61
\LTright=\skip62
\LTpre=\skip63
\LTpost=\skip64
\LTchunksize=\count128
\LTcapwidth=\dimen147
\LT@head=\box31
\LT@firsthead=\box32
\LT@foot=\box33
\LT@lastfoot=\box34
\LT@cols=\count129
\LT@rows=\count130
\c@LT@tables=\count131
\c@LT@chunks=\count132
\LT@p@ftn=\toks31
))
(C:\Users\pc1\AppData\Roaming\MiKTeX\2.9\tex\latex\epigraph\epigraph.sty
Package: epigraph 2009/09/02 v1.5c typesetting epigraphs
\beforeepigraphskip=\skip65
\afterepigraphskip=\skip66
\epigraphwidth=\skip67
\epigraphrule=\skip68
)
(C:\Users\pc1\AppData\Roaming\MiKTeX\2.9\tex\latex\algorithms\algorithm.sty
Package: algorithm 2009/08/24 v0.1 Document Style `algorithm' - floating enviro
nment

("C:\Program Files (x86)\MiKTeX 2.9\tex\latex\float\float.sty"
Package: float 2001/11/08 v1.3d Float enhancements (AL)
\c@float@type=\count133
\float@exts=\toks32
\float@box=\box35
\@float@everytoks=\toks33
\@floatcapt=\box36
)
\@float@every@algorithm=\toks34
\c@algorithm=\count134
)
(C:\Users\pc1\AppData\Roaming\MiKTeX\2.9\tex\latex\glossaries\base\glossaries.s
ty
Package: glossaries 2015/03/16 v4.15 (NLCT)
 ("C:\Program Files (x86)\MiKTeX 2.9\tex\latex\xkeyval\xkeyval.sty"
Package: xkeyval 2012/10/14 v2.6b package option processing (HA)

("C:\Program Files (x86)\MiKTeX 2.9\tex\generic\xkeyval\xkeyval.tex"
\XKV@toks=\toks35
\XKV@tempa@toks=\toks36
\XKV@depth=\count135
File: xkeyval.tex 2012/10/14 v2.6b key=value parser (HA)
))
(C:\Users\pc1\AppData\Roaming\MiKTeX\2.9\tex\latex\glossaries\base\mfirstuc.sty
Package: mfirstuc 2015/02/03 v1.10 (NLCT)
(C:\Users\pc1\AppData\Roaming\MiKTeX\2.9\tex\latex\etoolbox\etoolbox.sty
Package: etoolbox 2015/03/19 v2.1d e-TeX tools for LaTeX (JAW)

("C:\Program Files (x86)\MiKTeX 2.9\tex\latex\misc\etex.sty"
Package: etex 1998/03/26 v2.0 eTeX basic definition package (PEB)
\et@xins=\count136
)
\etb@tempcnta=\count137
)
\@glsmfirst=\toks37
\@glsmrest=\toks38
)
(C:\Users\pc1\AppData\Roaming\MiKTeX\2.9\tex\latex\textcase\textcase.sty
Package: textcase 2004/10/07 v0.07 Text only upper/lower case changing (DPC)
)
(C:\Users\pc1\AppData\Roaming\MiKTeX\2.9\tex\latex\xfor\xfor.sty
Package: xfor 2009/02/05 v1.05 (NLCT)
)
(C:\Users\pc1\AppData\Roaming\MiKTeX\2.9\tex\latex\datatool\datatool-base.sty
Package: datatool-base 2014/06/10 v2.22 (NLCT)

(C:\Users\pc1\AppData\Roaming\MiKTeX\2.9\tex\latex\substr\substr.sty
Package: substr 2009/10/20 v1.2 Handle substrings
\c@su@anzahl=\count138
)
(C:\Users\pc1\AppData\Roaming\MiKTeX\2.9\tex\latex\datatool\datatool-fp.sty
Package: datatool-fp 2013/08/29 v2.17 (NLCT)

(C:\Users\pc1\AppData\Roaming\MiKTeX\2.9\tex\latex\fp\fp.sty
Package: fp 1995/04/02

`Fixed Point Package', Version 0.8, April 2, 1995 (C) Michael Mehlich
(C:\Users\pc1\AppData\Roaming\MiKTeX\2.9\tex\latex\fp\defpattern.sty
Package: defpattern 1994/10/12
\actioncount=\count139
)
(C:\Users\pc1\AppData\Roaming\MiKTeX\2.9\tex\latex\fp\fp-basic.sty
Package: fp-basic 1996/05/13
\FP@xs=\count140
\FP@xia=\count141
\FP@xib=\count142
\FP@xfa=\count143
\FP@xfb=\count144
\FP@rega=\count145
\FP@regb=\count146
\FP@regs=\count147
\FP@times=\count148
)
(C:\Users\pc1\AppData\Roaming\MiKTeX\2.9\tex\latex\fp\fp-addons.sty
Package: fp-addons 1995/03/15
)
(C:\Users\pc1\AppData\Roaming\MiKTeX\2.9\tex\latex\fp\fp-snap.sty
Package: fp-snap 1995/04/05
)
(C:\Users\pc1\AppData\Roaming\MiKTeX\2.9\tex\latex\fp\fp-exp.sty
Package: fp-exp 1995/04/03
)
(C:\Users\pc1\AppData\Roaming\MiKTeX\2.9\tex\latex\fp\fp-trigo.sty
Package: fp-trigo 1995/04/14
)
(C:\Users\pc1\AppData\Roaming\MiKTeX\2.9\tex\latex\fp\fp-pas.sty
Package: fp-pas 1994/08/29
)
(C:\Users\pc1\AppData\Roaming\MiKTeX\2.9\tex\latex\fp\fp-random.sty
Package: fp-random 1995/02/23
\FPseed=\count149
)
(C:\Users\pc1\AppData\Roaming\MiKTeX\2.9\tex\latex\fp\fp-eqn.sty
Package: fp-eqn 1995/04/03
)
(C:\Users\pc1\AppData\Roaming\MiKTeX\2.9\tex\latex\fp\fp-upn.sty
Package: fp-upn 1996/10/21
)
(C:\Users\pc1\AppData\Roaming\MiKTeX\2.9\tex\latex\fp\fp-eval.sty
Package: fp-eval 1995/04/03
)))
\@dtl@toks=\toks39
\@dtl@tmpcount=\count150
\dtl@tmplength=\skip69
\dtl@sortresult=\count151
\@dtl@numgrpsepcount=\count152
\@dtl@datatype=\count153
\dtl@codeA=\count154
\dtl@codeB=\count155
\@dtl@foreach@level=\count156
)
(C:\Users\pc1\AppData\Roaming\MiKTeX\2.9\tex\latex\glossaries\base\glossaries-c
ompatible-307.sty
Package: glossaries-compatible-307 2013/11/14 v4.0 (NLCT)
)
\gls@level=\count157
\@gls@tmpb=\toks40
\gls@tmplen=\skip70
\glskeylisttok=\toks41
\glslabeltok=\toks42
\glsshorttok=\toks43
\glslongtok=\toks44

(C:\Users\pc1\AppData\Roaming\MiKTeX\2.9\tex\latex\glossaries\styles\glossary-h
ypernav.sty
Package: glossary-hypernav 2013/11/14 v4.0 (NLCT)
)
(C:\Users\pc1\AppData\Roaming\MiKTeX\2.9\tex\latex\glossaries\styles\glossary-l
ist.sty
Package: glossary-list 2015/02/03 v4.13 (NLCT)
\glslistdottedwidth=\skip71
)
(C:\Users\pc1\AppData\Roaming\MiKTeX\2.9\tex\latex\glossaries\styles\glossary-l
ong.sty
Package: glossary-long 2013/11/14 v4.0 (NLCT)
\glsdescwidth=\skip72
\glspagelistwidth=\skip73
)
(C:\Users\pc1\AppData\Roaming\MiKTeX\2.9\tex\latex\glossaries\styles\glossary-s
uper.sty
Package: glossary-super 2013/11/14 v4.0 (NLCT)

(C:\Users\pc1\AppData\Roaming\MiKTeX\2.9\tex\latex\supertabular\supertabular.st
y
Package: supertabular 2004/02/20 v4.1e the supertabular environment
\c@tracingst=\count158
\ST@wd=\dimen148
\ST@rightskip=\skip74
\ST@leftskip=\skip75
\ST@parfillskip=\skip76
\ST@pageleft=\dimen149
\ST@headht=\dimen150
\ST@tailht=\dimen151
\ST@pagesofar=\dimen152
\ST@pboxht=\dimen153
\ST@lineht=\dimen154
\ST@stretchht=\dimen155
\ST@prevht=\dimen156
\ST@toadd=\dimen157
\ST@dimen=\dimen158
\ST@pbox=\box37
))
(C:\Users\pc1\AppData\Roaming\MiKTeX\2.9\tex\latex\glossaries\styles\glossary-t
ree.sty
Package: glossary-tree 2015/02/03 v4.13 (NLCT)
\glstreeindent=\skip77
))
(C:\Users\pc1\AppData\Roaming\MiKTeX\2.9\tex\latex\algorithmicx\algpseudocode.s
ty
Package: algpseudocode 

(C:\Users\pc1\AppData\Roaming\MiKTeX\2.9\tex\latex\algorithmicx\algorithmicx.st
y
Package: algorithmicx 2005/04/27 v1.2 Algorithmicx

Document Style algorithmicx 1.2 - a greatly improved `algorithmic' style
\c@ALG@line=\count159
\c@ALG@rem=\count160
\c@ALG@nested=\count161
\ALG@tlm=\skip78
\ALG@thistlm=\skip79
\c@ALG@Lnr=\count162
\c@ALG@blocknr=\count163
\c@ALG@storecount=\count164
\c@ALG@tmpcounter=\count165
\ALG@tmplength=\skip80
)
Document Style - pseudocode environments for use with the `algorithmicx' style
) (C:\Users\pc1\AppData\Roaming\MiKTeX\2.9\tex\latex\subfig\subfig.sty
Package: subfig 2005/06/28 ver: 1.3 subfig package
\c@KVtest=\count166
\sf@farskip=\skip81
\sf@captopadj=\dimen159
\sf@capskip=\skip82
\sf@nearskip=\skip83
\c@subfigure=\count167
\c@subfigure@save=\count168
\c@lofdepth=\count169
\c@subtable=\count170
\c@subtable@save=\count171
\c@lotdepth=\count172
\sf@top=\skip84
\sf@bottom=\skip85
)
(C:\Users\pc1\AppData\Roaming\MiKTeX\2.9\tex\latex\natbib\natbib.sty
Package: natbib 2010/09/13 8.31b (PWD, AO)
\bibhang=\skip86
\bibsep=\skip87
LaTeX Info: Redefining \cite on input line 694.
\c@NAT@ctr=\count173
)
Package hyperref Info: Option `colorlinks' set `true' on input line 52.
\glswrite=\write3
\glo@main@file=\write4
Package glossaries Info: Writing glossary file main.glo on input line 54.

(C:\Users\pc1\Documents\ThesisReport\EnsembleTrackingThesis\Sections/glossaries
.tex) (C:\Users\pc1\Documents\ThesisReport\EnsembleTrackingThesis\main.aux)
LaTeX Font Info:    Checking defaults for OML/cmm/m/it on input line 67.
LaTeX Font Info:    ... okay on input line 67.
LaTeX Font Info:    Checking defaults for T1/cmr/m/n on input line 67.
LaTeX Font Info:    ... okay on input line 67.
LaTeX Font Info:    Checking defaults for OT1/cmr/m/n on input line 67.
LaTeX Font Info:    ... okay on input line 67.
LaTeX Font Info:    Checking defaults for OMS/cmsy/m/n on input line 67.
LaTeX Font Info:    ... okay on input line 67.
LaTeX Font Info:    Checking defaults for OMX/cmex/m/n on input line 67.
LaTeX Font Info:    ... okay on input line 67.
LaTeX Font Info:    Checking defaults for U/cmr/m/n on input line 67.
LaTeX Font Info:    ... okay on input line 67.
LaTeX Font Info:    Checking defaults for PD1/pdf/m/n on input line 67.
LaTeX Font Info:    ... okay on input line 67.
LaTeX Font Info:    Checking defaults for PU/pdf/m/n on input line 67.
LaTeX Font Info:    ... okay on input line 67.
Package caption Info: Begin \AtBeginDocument code.
Package caption Info: subfig package v1.3 is loaded.
Package caption Info: float package is loaded.
Package caption Info: hyperref package is loaded.
Package caption Info: listings package is loaded.
Package caption Info: longtable package is loaded.

(C:\Users\pc1\AppData\Roaming\MiKTeX\2.9\tex\latex\caption\ltcaption.sty
Package: ltcaption 2013/02/03 v1.3-62 longtable captions (AR)
)
Package caption Info: rotating package is loaded.
Package caption Info: supertabular package is loaded.
Package caption Info: End \AtBeginDocument code.

(C:\Users\pc1\AppData\Roaming\MiKTeX\2.9\tex\context\base\supp-pdf.mkii
[Loading MPS to PDF converter (version 2006.09.02).]
\scratchcounter=\count174
\scratchdimen=\dimen160
\scratchbox=\box38
\nofMPsegments=\count175
\nofMParguments=\count176
\everyMPshowfont=\toks45
\MPscratchCnt=\count177
\MPscratchDim=\dimen161
\MPnumerator=\count178
\makeMPintoPDFobject=\count179
\everyMPtoPDFconversion=\toks46
)
\c@lstlisting=\count180
\AtBeginShipoutBox=\box39
 ("C:\Program Files (x86)\MiKTeX 2.9\tex\latex\graphics\color.sty"
Package: color 2005/11/14 v1.0j Standard LaTeX Color (DPC)

("C:\Program Files (x86)\MiKTeX 2.9\tex\latex\00miktex\color.cfg"
File: color.cfg 2007/01/18 v1.5 color configuration of teTeX/TeXLive
)
Package color Info: Driver file: pdftex.def on input line 130.
)
Package hyperref Info: Link coloring ON on input line 67.

("C:\Program Files (x86)\MiKTeX 2.9\tex\latex\hyperref\nameref.sty"
Package: nameref 2012/10/27 v2.43 Cross-referencing by name of section

("C:\Program Files (x86)\MiKTeX 2.9\tex\generic\oberdiek\gettitlestring.sty"
Package: gettitlestring 2010/12/03 v1.4 Cleanup title references (HO)
)
\c@section@level=\count181
)
LaTeX Info: Redefining \ref on input line 67.
LaTeX Info: Redefining \pageref on input line 67.
LaTeX Info: Redefining \nameref on input line 67.

(C:\Users\pc1\Documents\ThesisReport\EnsembleTrackingThesis\main.out)
(C:\Users\pc1\Documents\ThesisReport\EnsembleTrackingThesis\main.out)
\@outlinefile=\write5

(C:\Users\pc1\Documents\ThesisReport\EnsembleTrackingThesis\Sections/title_page
.tex
LaTeX Font Info:    Try loading font information for U+msa on input line 16.
 ("C:\Program Files (x86)\MiKTeX 2.9\tex\latex\amsfonts\umsa.fd"
File: umsa.fd 2013/01/14 v3.01 AMS symbols A
)
LaTeX Font Info:    Try loading font information for U+msb on input line 16.

("C:\Program Files (x86)\MiKTeX 2.9\tex\latex\amsfonts\umsb.fd"
File: umsb.fd 2013/01/14 v3.01 AMS symbols B
) [1



{C:/Users/pc1/AppData/Local/MiKTeX/2.9/pdftex/config/pdftex.map}])
(C:\Users\pc1\Documents\ThesisReport\EnsembleTrackingThesis\Sections/abstract.t
ex
------------------------------------------------------------------------------
 Abstract Page
------------------------------------------------------------------------------
) [1

]
(C:\Users\pc1\Documents\ThesisReport\EnsembleTrackingThesis\Sections/acknowledg
ments.tex
------------------------------------------------------------------------------
 Acknowledgements
------------------------------------------------------------------------------
) [2

]
------------------------------------------------------------------------------
 Table of Contents
------------------------------------------------------------------------------
(C:\Users\pc1\Documents\ThesisReport\EnsembleTrackingThesis\main.toc [3


])
\tf@toc=\write6

[4]
------------------------------------------------------------------------------
 List of Figures
------------------------------------------------------------------------------
(C:\Users\pc1\Documents\ThesisReport\EnsembleTrackingThesis\main.lof
Overfull \hbox (1.00014pt too wide) in paragraph at lines 18--18
 [][] [][][]\OT1/cmr/m/n/10.95 Qualitative re-sults for ob-ject track-ing ap-pl
y-ing both in-liers se-lec-tion meth- 
 []

)
\tf@lof=\write7
 [5


]
------------------------------------------------------------------------------
 List of Tables
------------------------------------------------------------------------------
(C:\Users\pc1\Documents\ThesisReport\EnsembleTrackingThesis\main.lot)
\tf@lot=\write8
 [6


]
(C:\Users\pc1\Documents\ThesisReport\EnsembleTrackingThesis\Sections/dedication
s.tex
------------------------------------------------------------------------------
 Dedicatory
------------------------------------------------------------------------------
[7

])
(C:\Users\pc1\Documents\ThesisReport\EnsembleTrackingThesis\Chapters/introducti
on.tex
Chapter 1.
------------------------------------------------------------------------------
 1 Introduction
------------------------------------------------------------------------------
[1



])
(C:\Users\pc1\Documents\ThesisReport\EnsembleTrackingThesis\Chapters/related_wo
rk.tex [2] [3]
Chapter 2.
------------------------------------------------------------------------------
 2 Related Work
------------------------------------------------------------------------------
[4

] [5] <Figures/bg_sub.jpg, id=363, 602.25pt x 377.41pt>
File: Figures/bg_sub.jpg Graphic file (type jpg)

<use Figures/bg_sub.jpg>
Package pdftex.def Info: Figures/bg_sub.jpg used on input line 91.
(pdftex.def)             Requested size: 292.22987pt x 183.13576pt.
 [6 <C:/Users/pc1/Documents/ThesisReport/EnsembleTrackingThesis/Figures/bg_sub.
jpg>]
<Figures/points/harris.png, id=387, 268.75406pt x 202.50656pt>
File: Figures/points/harris.png Graphic file (type png)

<use Figures/points/harris.png>
Package pdftex.def Info: Figures/points/harris.png used on input line 156.
(pdftex.def)             Requested size: 133.59444pt x 100.66283pt.

<Figures/points/klt.png, id=389, 268.00125pt x 202.50656pt>
File: Figures/points/klt.png Graphic file (type png)

<use Figures/points/klt.png>
Package pdftex.def Info: Figures/points/klt.png used on input line 157.
(pdftex.def)             Requested size: 133.59444pt x 100.94402pt.

<Figures/points/sift.png, id=390, 270.25969pt x 205.5178pt>
File: Figures/points/sift.png Graphic file (type png)

<use Figures/points/sift.png>
Package pdftex.def Info: Figures/points/sift.png used on input line 158.
(pdftex.def)             Requested size: 133.59444pt x 101.59207pt.
 [7 <C:/Users/pc1/Documents/ThesisReport/EnsembleTrackingThesis/Figures/points/
harris.png> <C:/Users/pc1/Documents/ThesisReport/EnsembleTrackingThesis/Figures
/points/klt.png> <C:/Users/pc1/Documents/ThesisReport/EnsembleTrackingThesis/Fi
gures/points/sift.png>]
<Figures/particle_filter1.jpg, id=411, 481.8pt x 361.35pt>
File: Figures/particle_filter1.jpg Graphic file (type jpg)

<use Figures/particle_filter1.jpg>
Package pdftex.def Info: Figures/particle_filter1.jpg used on input line 211.
(pdftex.def)             Requested size: 133.59444pt x 100.19586pt.

<Figures/particle_filter2.jpg, id=412, 481.8pt x 361.35pt>
File: Figures/particle_filter2.jpg Graphic file (type jpg)

<use Figures/particle_filter2.jpg>
Package pdftex.def Info: Figures/particle_filter2.jpg used on input line 212.
(pdftex.def)             Requested size: 133.59444pt x 100.19586pt.

<Figures/particle_filter3.jpg, id=413, 481.8pt x 361.35pt>
File: Figures/particle_filter3.jpg Graphic file (type jpg)

<use Figures/particle_filter3.jpg>
Package pdftex.def Info: Figures/particle_filter3.jpg used on input line 213.
(pdftex.def)             Requested size: 133.59444pt x 100.19586pt.
 [8]
<Figures/overview_boost.png, id=429, 639.89063pt x 435.87843pt>
File: Figures/overview_boost.png Graphic file (type png)

<use Figures/overview_boost.png>
Package pdftex.def Info: Figures/overview_boost.png used on input line 259.
(pdftex.def)             Requested size: 292.22987pt x 199.06325pt.
 [9 <C:/Users/pc1/Documents/ThesisReport/EnsembleTrackingThesis/Figures/particl
e_filter1.jpg> <C:/Users/pc1/Documents/ThesisReport/EnsembleTrackingThesis/Figu
res/particle_filter2.jpg> <C:/Users/pc1/Documents/ThesisReport/EnsembleTracking
Thesis/Figures/particle_filter3.jpg>] [10 <C:/Users/pc1/Documents/ThesisReport/
EnsembleTrackingThesis/Figures/overview_boost.png (PNG copy)>] <Figures/contour
.png, id=474, 737.00343pt x 242.40562pt>
File: Figures/contour.png Graphic file (type png)

<use Figures/contour.png>
Package pdftex.def Info: Figures/contour.png used on input line 306.
(pdftex.def)             Requested size: 375.7232pt x 123.57713pt.
LaTeX Font Info:    Try loading font information for OMS+cmr on input line 329.


("C:\Program Files (x86)\MiKTeX 2.9\tex\latex\base\omscmr.fd"
File: omscmr.fd 1999/05/25 v2.5h Standard LaTeX font definitions
)
LaTeX Font Info:    Font shape `OMS/cmr/m/n' in size <10.95> not available
(Font)              Font shape `OMS/cmsy/m/n' tried instead on input line 329.
 [11 <C:/Users/pc1/Documents/ThesisReport/EnsembleTrackingThesis/Figures/contou
r.png>] [12]
[13])
(C:\Users\pc1\Documents\ThesisReport\EnsembleTrackingThesis\Chapters/approach.t
ex [14]
Chapter 3.
------------------------------------------------------------------------------
 3 Proposed approach
------------------------------------------------------------------------------
<Figures/global_diagram.pdf, id=548, page=2, 963.6pt x 542.025pt>
File: Figures/global_diagram.pdf Graphic file (type pdf)

<use Figures/global_diagram.pdf, page 2>
Package pdftex.def Info: Figures/global_diagram.pdf, page2 used on input line 1
7.
(pdftex.def)             Requested size: 333.97972pt x 103.66849pt.
 [15

 <C:/Users/pc1/Documents/ThesisReport/EnsembleTrackingThesis/Figures/global_dia
gram.pdf>]
<Figures/diagram.pdf, id=577, 963.6pt x 542.025pt>
File: Figures/diagram.pdf Graphic file (type pdf)
 <use Figures/diagram.pdf>
Package pdftex.def Info: Figures/diagram.pdf used on input line 64.
(pdftex.def)             Requested size: 417.47307pt x 110.88266pt.

[16 <C:/Users/pc1/Documents/ThesisReport/EnsembleTrackingThesis/Figures/diagram
.pdf>] <Figures/global_diagram.pdf, id=604, page=4, 963.6pt x 542.025pt>
File: Figures/global_diagram.pdf Graphic file (type pdf)

<use Figures/global_diagram.pdf, page 4>
Package pdftex.def Info: Figures/global_diagram.pdf, page4 used on input line 1
48.
(pdftex.def)             Requested size: 375.7232pt x 119.12962pt.
 [17 <C:/Users/pc1/Documents/ThesisReport/EnsembleTrackingThesis/Figures/global
_diagram.pdf>]
<Figures/figures_mod.pdf, id=628, page=2, 722.7pt x 542.025pt>
File: Figures/figures_mod.pdf Graphic file (type pdf)

<use Figures/figures_mod.pdf, page 2>
Package pdftex.def Info: Figures/figures_mod.pdf, page2 used on input line 209.

(pdftex.def)             Requested size: 417.47307pt x 110.33098pt.
 [18]
<Figures/figures_mod.pdf, id=644, page=1, 722.7pt x 542.025pt>
File: Figures/figures_mod.pdf Graphic file (type pdf)

<use Figures/figures_mod.pdf, page 1>
Package pdftex.def Info: Figures/figures_mod.pdf, page1 used on input line 255.

(pdftex.def)             Requested size: 417.47307pt x 109.37746pt.
 [19 <C:/Users/pc1/Documents/ThesisReport/EnsembleTrackingThesis/Figures/figure
s_mod.pdf> <C:/Users/pc1/Documents/ThesisReport/EnsembleTrackingThesis/Figures/
figures_mod.pdf>]
<Figures/Process/trackers/027.jpeg, id=682, 1204.5pt x 903.375pt>
File: Figures/Process/trackers/027.jpeg Graphic file (type jpg)

<use Figures/Process/trackers/027.jpeg>
Package pdftex.def Info: Figures/Process/trackers/027.jpeg used on input line 3
37.
(pdftex.def)             Requested size: 75.14209pt x 56.35052pt.

<Figures/Process/trackers/028.jpeg, id=683, 1204.5pt x 903.375pt>
File: Figures/Process/trackers/028.jpeg Graphic file (type jpg)

<use Figures/Process/trackers/028.jpeg>
Package pdftex.def Info: Figures/Process/trackers/028.jpeg used on input line 3
38.
(pdftex.def)             Requested size: 75.14209pt x 56.35052pt.

<Figures/Process/trackers/029.jpeg, id=684, 1204.5pt x 903.375pt>
File: Figures/Process/trackers/029.jpeg Graphic file (type jpg)

<use Figures/Process/trackers/029.jpeg>
Package pdftex.def Info: Figures/Process/trackers/029.jpeg used on input line 3
39.
(pdftex.def)             Requested size: 75.14209pt x 56.35052pt.

<Figures/Process/trackers/030.jpeg, id=685, 1204.5pt x 903.375pt>
File: Figures/Process/trackers/030.jpeg Graphic file (type jpg)

<use Figures/Process/trackers/030.jpeg>
Package pdftex.def Info: Figures/Process/trackers/030.jpeg used on input line 3
40.
(pdftex.def)             Requested size: 75.14209pt x 56.35052pt.

<Figures/Process/trackers/031.jpeg, id=686, 1204.5pt x 903.375pt>
File: Figures/Process/trackers/031.jpeg Graphic file (type jpg)

<use Figures/Process/trackers/031.jpeg>
Package pdftex.def Info: Figures/Process/trackers/031.jpeg used on input line 3
41.
(pdftex.def)             Requested size: 75.14209pt x 56.35052pt.

<Figures/Process/clusters/027.jpeg, id=687, 1204.5pt x 903.375pt>
File: Figures/Process/clusters/027.jpeg Graphic file (type jpg)

<use Figures/Process/clusters/027.jpeg>
Package pdftex.def Info: Figures/Process/clusters/027.jpeg used on input line 3
45.
(pdftex.def)             Requested size: 75.14209pt x 56.35052pt.

<Figures/Process/clusters/028.jpeg, id=688, 1204.5pt x 903.375pt>
File: Figures/Process/clusters/028.jpeg Graphic file (type jpg)

<use Figures/Process/clusters/028.jpeg>
Package pdftex.def Info: Figures/Process/clusters/028.jpeg used on input line 3
46.
(pdftex.def)             Requested size: 75.14209pt x 56.35052pt.

<Figures/Process/clusters/029.jpeg, id=689, 1204.5pt x 903.375pt>
File: Figures/Process/clusters/029.jpeg Graphic file (type jpg)

<use Figures/Process/clusters/029.jpeg>
Package pdftex.def Info: Figures/Process/clusters/029.jpeg used on input line 3
47.
(pdftex.def)             Requested size: 75.14209pt x 56.35052pt.

<Figures/Process/clusters/030.jpeg, id=690, 1204.5pt x 903.375pt>
File: Figures/Process/clusters/030.jpeg Graphic file (type jpg)

<use Figures/Process/clusters/030.jpeg>
Package pdftex.def Info: Figures/Process/clusters/030.jpeg used on input line 3
48.
(pdftex.def)             Requested size: 75.14209pt x 56.35052pt.

<Figures/Process/clusters/031.jpeg, id=691, 1204.5pt x 903.375pt>
File: Figures/Process/clusters/031.jpeg Graphic file (type jpg)

<use Figures/Process/clusters/031.jpeg>
Package pdftex.def Info: Figures/Process/clusters/031.jpeg used on input line 3
49.
(pdftex.def)             Requested size: 75.14209pt x 56.35052pt.

<Figures/Process/final_result/027.jpeg, id=692, 1204.5pt x 903.375pt>
File: Figures/Process/final_result/027.jpeg Graphic file (type jpg)

<use Figures/Process/final_result/027.jpeg>
Package pdftex.def Info: Figures/Process/final_result/027.jpeg used on input li
ne 353.
(pdftex.def)             Requested size: 75.14209pt x 56.35052pt.

<Figures/Process/final_result/028.jpeg, id=693, 1204.5pt x 903.375pt>
File: Figures/Process/final_result/028.jpeg Graphic file (type jpg)

<use Figures/Process/final_result/028.jpeg>
Package pdftex.def Info: Figures/Process/final_result/028.jpeg used on input li
ne 354.
(pdftex.def)             Requested size: 75.14209pt x 56.35052pt.

<Figures/Process/final_result/029.jpeg, id=694, 1204.5pt x 903.375pt>
File: Figures/Process/final_result/029.jpeg Graphic file (type jpg)

<use Figures/Process/final_result/029.jpeg>
Package pdftex.def Info: Figures/Process/final_result/029.jpeg used on input li
ne 355.
(pdftex.def)             Requested size: 75.14209pt x 56.35052pt.

<Figures/Process/final_result/030.jpeg, id=695, 1204.5pt x 903.375pt>
File: Figures/Process/final_result/030.jpeg Graphic file (type jpg)

<use Figures/Process/final_result/030.jpeg>
Package pdftex.def Info: Figures/Process/final_result/030.jpeg used on input li
ne 356.
(pdftex.def)             Requested size: 75.14209pt x 56.35052pt.

<Figures/Process/final_result/031.jpeg, id=696, 1204.5pt x 903.375pt>
File: Figures/Process/final_result/031.jpeg Graphic file (type jpg)

<use Figures/Process/final_result/031.jpeg>
Package pdftex.def Info: Figures/Process/final_result/031.jpeg used on input li
ne 357.
(pdftex.def)             Requested size: 75.14209pt x 56.35052pt.
 [20 <C:/Users/pc1/Documents/ThesisReport/EnsembleTrackingThesis/Figures/Proces
s/trackers/027.jpeg> <C:/Users/pc1/Documents/ThesisReport/EnsembleTrackingThesi
s/Figures/Process/trackers/028.jpeg> <C:/Users/pc1/Documents/ThesisReport/Ensem
bleTrackingThesis/Figures/Process/trackers/029.jpeg> <C:/Users/pc1/Documents/Th
esisReport/EnsembleTrackingThesis/Figures/Process/trackers/030.jpeg> <C:/Users/
pc1/Documents/ThesisReport/EnsembleTrackingThesis/Figures/Process/trackers/031.
jpeg> <C:/Users/pc1/Documents/ThesisReport/EnsembleTrackingThesis/Figures/Proce
ss/clusters/027.jpeg> <C:/Users/pc1/Documents/ThesisReport/EnsembleTrackingThes
is/Figures/Process/clusters/028.jpeg> <C:/Users/pc1/Documents/ThesisReport/Ense
mbleTrackingThesis/Figures/Process/clusters/029.jpeg> <C:/Users/pc1/Documents/T
hesisReport/EnsembleTrackingThesis/Figures/Process/clusters/030.jpeg> <C:/Users
/pc1/Documents/ThesisReport/EnsembleTrackingThesis/Figures/Process/clusters/031
.jpeg> <C:/Users/pc1/Documents/ThesisReport/EnsembleTrackingThesis/Figures/Proc
ess/final_result/027.jpeg> <C:/Users/pc1/Documents/ThesisReport/EnsembleTrackin
gThesis/Figures/Process/final_result/028.jpeg> <C:/Users/pc1/Documents/ThesisRe
port/EnsembleTrackingThesis/Figures/Process/final_result/029.jpeg> <C:/Users/pc
1/Documents/ThesisReport/EnsembleTrackingThesis/Figures/Process/final_result/03
0.jpeg> <C:/Users/pc1/Documents/ThesisReport/EnsembleTrackingThesis/Figures/Pro
cess/final_result/031.jpeg>]
<Figures/clustering/deer_outliers.png, id=706, 421.575pt x 316.18124pt>
File: Figures/clustering/deer_outliers.png Graphic file (type png)

<use Figures/clustering/deer_outliers.png>
Package pdftex.def Info: Figures/clustering/deer_outliers.png used on input lin
e 388.
(pdftex.def)             Requested size: 208.73653pt x 156.55603pt.
 [21 <C:/Users/pc1/Documents/ThesisReport/EnsembleTrackingThesis/Figures/cluste
ring/deer_outliers.png (PNG copy)>])
(C:\Users\pc1\Documents\ThesisReport\EnsembleTrackingThesis\Chapters/experiment
s.tex [22]
Chapter 4.
------------------------------------------------------------------------------
 4 Experiments
------------------------------------------------------------------------------
[23

]

LaTeX Warning: `!h' float specifier changed to `!ht'.

[24] [25]
<Figures/Results/quality_plot_error_OPE_threshold.pdf, id=780, 614.295pt x 794.
97pt>
File: Figures/Results/quality_plot_error_OPE_threshold.pdf Graphic file (type p
df)
 <use Figures/Results/quality_plot_error_OPE_threshold.pdf>
Package pdftex.def Info: Figures/Results/quality_plot_error_OPE_threshold.pdf u
sed on input line 154.
(pdftex.def)             Requested size: 208.73653pt x 171.12259pt.

<Figures/Results/quality_plot_overlap_OPE_AUC.pdf, id=782, 614.295pt x 794.97pt
>
File: Figures/Results/quality_plot_overlap_OPE_AUC.pdf Graphic file (type pdf)
 <use Figures/Results/quality_plot_overlap_OPE_AUC.pdf>
Package pdftex.def Info: Figures/Results/quality_plot_overlap_OPE_AUC.pdf used 
on input line 157.
(pdftex.def)             Requested size: 208.73653pt x 171.12259pt.

Overfull \hbox (7.29997pt too wide) in paragraph at lines 154--161
 [][][][] 
 []

<Figures/Results/subway/041.pdf, id=785, 614.295pt x 794.97pt>
File: Figures/Results/subway/041.pdf Graphic file (type pdf)

<use Figures/Results/subway/041.pdf>
Package pdftex.def Info: Figures/Results/subway/041.pdf used on input line 190.

(pdftex.def)             Requested size: 79.32089pt x 58.60698pt.

<Figures/Results/subway/042.pdf, id=787, 614.295pt x 794.97pt>
File: Figures/Results/subway/042.pdf Graphic file (type pdf)

<use Figures/Results/subway/042.pdf>
Package pdftex.def Info: Figures/Results/subway/042.pdf used on input line 191.

(pdftex.def)             Requested size: 79.32089pt x 58.60698pt.

<Figures/Results/subway/043.pdf, id=789, 614.295pt x 794.97pt>
File: Figures/Results/subway/043.pdf Graphic file (type pdf)

<use Figures/Results/subway/043.pdf>
Package pdftex.def Info: Figures/Results/subway/043.pdf used on input line 192.

(pdftex.def)             Requested size: 79.32089pt x 58.60698pt.

<Figures/Results/subway/044.pdf, id=791, 614.295pt x 794.97pt>
File: Figures/Results/subway/044.pdf Graphic file (type pdf)

<use Figures/Results/subway/044.pdf>
Package pdftex.def Info: Figures/Results/subway/044.pdf used on input line 193.

(pdftex.def)             Requested size: 79.32089pt x 58.60698pt.

<Figures/Results/subway/045.pdf, id=793, 614.295pt x 794.97pt>
File: Figures/Results/subway/045.pdf Graphic file (type pdf)

<use Figures/Results/subway/045.pdf>
Package pdftex.def Info: Figures/Results/subway/045.pdf used on input line 194.

(pdftex.def)             Requested size: 79.32089pt x 58.60698pt.

<Figures/Results/soccer/090.pdf, id=795, 614.295pt x 794.97pt>
File: Figures/Results/soccer/090.pdf Graphic file (type pdf)

<use Figures/Results/soccer/090.pdf>
Package pdftex.def Info: Figures/Results/soccer/090.pdf used on input line 196.

(pdftex.def)             Requested size: 79.32089pt x 58.60698pt.

<Figures/Results/soccer/110.pdf, id=797, 614.295pt x 794.97pt>
File: Figures/Results/soccer/110.pdf Graphic file (type pdf)

<use Figures/Results/soccer/110.pdf>
Package pdftex.def Info: Figures/Results/soccer/110.pdf used on input line 197.

(pdftex.def)             Requested size: 79.32089pt x 58.60698pt.

<Figures/Results/soccer/131.pdf, id=799, 614.295pt x 794.97pt>
File: Figures/Results/soccer/131.pdf Graphic file (type pdf)

<use Figures/Results/soccer/131.pdf>
Package pdftex.def Info: Figures/Results/soccer/131.pdf used on input line 198.

(pdftex.def)             Requested size: 79.32089pt x 58.60698pt.

<Figures/Results/soccer/140.pdf, id=801, 614.295pt x 794.97pt>
File: Figures/Results/soccer/140.pdf Graphic file (type pdf)

<use Figures/Results/soccer/140.pdf>
Package pdftex.def Info: Figures/Results/soccer/140.pdf used on input line 199.

(pdftex.def)             Requested size: 79.32089pt x 58.60698pt.

<Figures/Results/soccer/150.pdf, id=803, 614.295pt x 794.97pt>
File: Figures/Results/soccer/150.pdf Graphic file (type pdf)

<use Figures/Results/soccer/150.pdf>
Package pdftex.def Info: Figures/Results/soccer/150.pdf used on input line 200.

(pdftex.def)             Requested size: 79.32089pt x 58.60698pt.
 [26 <C:/Users/pc1/Documents/ThesisReport/EnsembleTrackingThesis/Figures/Result
s/quality_plot_error_OPE_threshold.pdf> <C:/Users/pc1/Documents/ThesisReport/En
sembleTrackingThesis/Figures/Results/quality_plot_overlap_OPE_AUC.pdf>]
(C:\Users\pc1\Documents\ThesisReport\EnsembleTrackingThesis\Figures/results_fig
ures.tex <Figures/results_all/bolt/015.pdf, id=829, 614.295pt x 794.97pt>
File: Figures/results_all/bolt/015.pdf Graphic file (type pdf)

<use Figures/results_all/bolt/015.pdf>
Package pdftex.def Info: Figures/results_all/bolt/015.pdf used on input line 9.

(pdftex.def)             Requested size: 81.4103pt x 60.14742pt.

<Figures/results_all/bolt/196.pdf, id=831, 614.295pt x 794.97pt>
File: Figures/results_all/bolt/196.pdf Graphic file (type pdf)

<use Figures/results_all/bolt/196.pdf>
Package pdftex.def Info: Figures/results_all/bolt/196.pdf used on input line 9.

(pdftex.def)             Requested size: 81.4103pt x 60.14742pt.

<Figures/results_all/bolt/236.pdf, id=833, 614.295pt x 794.97pt>
File: Figures/results_all/bolt/236.pdf Graphic file (type pdf)

<use Figures/results_all/bolt/236.pdf>
Package pdftex.def Info: Figures/results_all/bolt/236.pdf used on input line 9.

(pdftex.def)             Requested size: 81.4103pt x 60.14742pt.

<Figures/results_all/bolt/316.pdf, id=835, 614.295pt x 794.97pt>
File: Figures/results_all/bolt/316.pdf Graphic file (type pdf)

<use Figures/results_all/bolt/316.pdf>
Package pdftex.def Info: Figures/results_all/bolt/316.pdf used on input line 9.

(pdftex.def)             Requested size: 81.4103pt x 60.14742pt.

<Figures/results_all/bolt/346.pdf, id=837, 614.295pt x 794.97pt>
File: Figures/results_all/bolt/346.pdf Graphic file (type pdf)

<use Figures/results_all/bolt/346.pdf>
Package pdftex.def Info: Figures/results_all/bolt/346.pdf used on input line 9.

(pdftex.def)             Requested size: 81.4103pt x 60.14742pt.

Overfull \hbox (11.47836pt too wide) in paragraph at lines 9--10
 [][] 
 []

<Figures/results_all/jogging-2/033.pdf, id=839, 614.295pt x 794.97pt>
File: Figures/results_all/jogging-2/033.pdf Graphic file (type pdf)

<use Figures/results_all/jogging-2/033.pdf>
Package pdftex.def Info: Figures/results_all/jogging-2/033.pdf used on input li
ne 19.
(pdftex.def)             Requested size: 81.4103pt x 60.14742pt.

<Figures/results_all/jogging-2/071.pdf, id=841, 614.295pt x 794.97pt>
File: Figures/results_all/jogging-2/071.pdf Graphic file (type pdf)

<use Figures/results_all/jogging-2/071.pdf>
Package pdftex.def Info: Figures/results_all/jogging-2/071.pdf used on input li
ne 19.
(pdftex.def)             Requested size: 81.4103pt x 60.14742pt.

<Figures/results_all/jogging-2/104.pdf, id=843, 614.295pt x 794.97pt>
File: Figures/results_all/jogging-2/104.pdf Graphic file (type pdf)

<use Figures/results_all/jogging-2/104.pdf>
Package pdftex.def Info: Figures/results_all/jogging-2/104.pdf used on input li
ne 19.
(pdftex.def)             Requested size: 81.4103pt x 60.14742pt.

<Figures/results_all/jogging-2/258.pdf, id=845, 614.295pt x 794.97pt>
File: Figures/results_all/jogging-2/258.pdf Graphic file (type pdf)

<use Figures/results_all/jogging-2/258.pdf>
Package pdftex.def Info: Figures/results_all/jogging-2/258.pdf used on input li
ne 19.
(pdftex.def)             Requested size: 81.4103pt x 60.14742pt.

<Figures/results_all/jogging-2/305.pdf, id=847, 614.295pt x 794.97pt>
File: Figures/results_all/jogging-2/305.pdf Graphic file (type pdf)

<use Figures/results_all/jogging-2/305.pdf>
Package pdftex.def Info: Figures/results_all/jogging-2/305.pdf used on input li
ne 19.
(pdftex.def)             Requested size: 81.4103pt x 60.14742pt.

Overfull \hbox (11.47836pt too wide) in paragraph at lines 19--20
 [][] 
 []

<Figures/results_all/singer-1/048.pdf, id=849, 614.295pt x 794.97pt>
File: Figures/results_all/singer-1/048.pdf Graphic file (type pdf)

<use Figures/results_all/singer-1/048.pdf>
Package pdftex.def Info: Figures/results_all/singer-1/048.pdf used on input lin
e 29.
(pdftex.def)             Requested size: 81.4103pt x 60.14742pt.

<Figures/results_all/singer-1/131.pdf, id=851, 614.295pt x 794.97pt>
File: Figures/results_all/singer-1/131.pdf Graphic file (type pdf)

<use Figures/results_all/singer-1/131.pdf>
Package pdftex.def Info: Figures/results_all/singer-1/131.pdf used on input lin
e 29.
(pdftex.def)             Requested size: 81.4103pt x 60.14742pt.

<Figures/results_all/singer-1/179.pdf, id=853, 614.295pt x 794.97pt>
File: Figures/results_all/singer-1/179.pdf Graphic file (type pdf)

<use Figures/results_all/singer-1/179.pdf>
Package pdftex.def Info: Figures/results_all/singer-1/179.pdf used on input lin
e 29.
(pdftex.def)             Requested size: 81.4103pt x 60.14742pt.

<Figures/results_all/singer-1/242.pdf, id=855, 614.295pt x 794.97pt>
File: Figures/results_all/singer-1/242.pdf Graphic file (type pdf)

<use Figures/results_all/singer-1/242.pdf>
Package pdftex.def Info: Figures/results_all/singer-1/242.pdf used on input lin
e 29.
(pdftex.def)             Requested size: 81.4103pt x 60.14742pt.

<Figures/results_all/singer-1/306.pdf, id=857, 614.295pt x 794.97pt>
File: Figures/results_all/singer-1/306.pdf Graphic file (type pdf)

<use Figures/results_all/singer-1/306.pdf>
Package pdftex.def Info: Figures/results_all/singer-1/306.pdf used on input lin
e 29.
(pdftex.def)             Requested size: 81.4103pt x 60.14742pt.

Overfull \hbox (11.47836pt too wide) in paragraph at lines 29--30
 [][] 
 []

<Figures/results_all/football/005.pdf, id=859, 614.295pt x 794.97pt>
File: Figures/results_all/football/005.pdf Graphic file (type pdf)

<use Figures/results_all/football/005.pdf>
Package pdftex.def Info: Figures/results_all/football/005.pdf used on input lin
e 39.
(pdftex.def)             Requested size: 81.4103pt x 60.14742pt.

<Figures/results_all/football/086.pdf, id=861, 614.295pt x 794.97pt>
File: Figures/results_all/football/086.pdf Graphic file (type pdf)

<use Figures/results_all/football/086.pdf>
Package pdftex.def Info: Figures/results_all/football/086.pdf used on input lin
e 39.
(pdftex.def)             Requested size: 81.4103pt x 60.14742pt.

<Figures/results_all/football/135.pdf, id=863, 614.295pt x 794.97pt>
File: Figures/results_all/football/135.pdf Graphic file (type pdf)

<use Figures/results_all/football/135.pdf>
Package pdftex.def Info: Figures/results_all/football/135.pdf used on input lin
e 39.
(pdftex.def)             Requested size: 81.4103pt x 60.14742pt.

<Figures/results_all/football/325.pdf, id=865, 614.295pt x 794.97pt>
File: Figures/results_all/football/325.pdf Graphic file (type pdf)

<use Figures/results_all/football/325.pdf>
Package pdftex.def Info: Figures/results_all/football/325.pdf used on input lin
e 39.
(pdftex.def)             Requested size: 81.4103pt x 60.14742pt.

<Figures/results_all/football/353.pdf, id=867, 614.295pt x 794.97pt>
File: Figures/results_all/football/353.pdf Graphic file (type pdf)

<use Figures/results_all/football/353.pdf>
Package pdftex.def Info: Figures/results_all/football/353.pdf used on input lin
e 39.
(pdftex.def)             Requested size: 81.4103pt x 60.14742pt.

Overfull \hbox (11.47836pt too wide) in paragraph at lines 39--40
 [][] 
 []

<Figures/results_all/singer-2/029.pdf, id=869, 614.295pt x 794.97pt>
File: Figures/results_all/singer-2/029.pdf Graphic file (type pdf)

<use Figures/results_all/singer-2/029.pdf>
Package pdftex.def Info: Figures/results_all/singer-2/029.pdf used on input lin
e 49.
(pdftex.def)             Requested size: 81.4103pt x 60.14742pt.

<Figures/results_all/singer-2/069.pdf, id=871, 614.295pt x 794.97pt>
File: Figures/results_all/singer-2/069.pdf Graphic file (type pdf)

<use Figures/results_all/singer-2/069.pdf>
Package pdftex.def Info: Figures/results_all/singer-2/069.pdf used on input lin
e 49.
(pdftex.def)             Requested size: 81.4103pt x 60.14742pt.

<Figures/results_all/singer-2/155.pdf, id=873, 614.295pt x 794.97pt>
File: Figures/results_all/singer-2/155.pdf Graphic file (type pdf)

<use Figures/results_all/singer-2/155.pdf>
Package pdftex.def Info: Figures/results_all/singer-2/155.pdf used on input lin
e 49.
(pdftex.def)             Requested size: 81.4103pt x 60.14742pt.

<Figures/results_all/singer-2/211.pdf, id=875, 614.295pt x 794.97pt>
File: Figures/results_all/singer-2/211.pdf Graphic file (type pdf)

<use Figures/results_all/singer-2/211.pdf>
Package pdftex.def Info: Figures/results_all/singer-2/211.pdf used on input lin
e 49.
(pdftex.def)             Requested size: 81.4103pt x 60.14742pt.

<Figures/results_all/singer-2/309.pdf, id=877, 614.295pt x 794.97pt>
File: Figures/results_all/singer-2/309.pdf Graphic file (type pdf)

<use Figures/results_all/singer-2/309.pdf>
Package pdftex.def Info: Figures/results_all/singer-2/309.pdf used on input lin
e 49.
(pdftex.def)             Requested size: 81.4103pt x 60.14742pt.

Overfull \hbox (11.47836pt too wide) in paragraph at lines 49--50
 [][] 
 []

<Figures/results_all/skating1/058.pdf, id=879, 614.295pt x 794.97pt>
File: Figures/results_all/skating1/058.pdf Graphic file (type pdf)

<use Figures/results_all/skating1/058.pdf>
Package pdftex.def Info: Figures/results_all/skating1/058.pdf used on input lin
e 59.
(pdftex.def)             Requested size: 81.4103pt x 60.14742pt.

<Figures/results_all/skating1/093.pdf, id=881, 614.295pt x 794.97pt>
File: Figures/results_all/skating1/093.pdf Graphic file (type pdf)

<use Figures/results_all/skating1/093.pdf>
Package pdftex.def Info: Figures/results_all/skating1/093.pdf used on input lin
e 59.
(pdftex.def)             Requested size: 81.4103pt x 60.14742pt.

<Figures/results_all/skating1/237.pdf, id=883, 614.295pt x 794.97pt>
File: Figures/results_all/skating1/237.pdf Graphic file (type pdf)

<use Figures/results_all/skating1/237.pdf>
Package pdftex.def Info: Figures/results_all/skating1/237.pdf used on input lin
e 59.
(pdftex.def)             Requested size: 81.4103pt x 60.14742pt.

<Figures/results_all/skating1/295.pdf, id=885, 614.295pt x 794.97pt>
File: Figures/results_all/skating1/295.pdf Graphic file (type pdf)

<use Figures/results_all/skating1/295.pdf>
Package pdftex.def Info: Figures/results_all/skating1/295.pdf used on input lin
e 59.
(pdftex.def)             Requested size: 81.4103pt x 60.14742pt.

<Figures/results_all/skating1/329.pdf, id=887, 614.295pt x 794.97pt>
File: Figures/results_all/skating1/329.pdf Graphic file (type pdf)

<use Figures/results_all/skating1/329.pdf>
Package pdftex.def Info: Figures/results_all/skating1/329.pdf used on input lin
e 59.
(pdftex.def)             Requested size: 81.4103pt x 60.14742pt.

Overfull \hbox (11.47836pt too wide) in paragraph at lines 59--60
 [][] 
 []

<Figures/results_all/david3/072.pdf, id=889, 614.295pt x 794.97pt>
File: Figures/results_all/david3/072.pdf Graphic file (type pdf)

<use Figures/results_all/david3/072.pdf>
Package pdftex.def Info: Figures/results_all/david3/072.pdf used on input line 
69.
(pdftex.def)             Requested size: 81.4103pt x 60.14742pt.

<Figures/results_all/david3/092.pdf, id=891, 614.295pt x 794.97pt>
File: Figures/results_all/david3/092.pdf Graphic file (type pdf)

<use Figures/results_all/david3/092.pdf>
Package pdftex.def Info: Figures/results_all/david3/092.pdf used on input line 
69.
(pdftex.def)             Requested size: 81.4103pt x 60.14742pt.

<Figures/results_all/david3/197.pdf, id=893, 614.295pt x 794.97pt>
File: Figures/results_all/david3/197.pdf Graphic file (type pdf)

<use Figures/results_all/david3/197.pdf>
Package pdftex.def Info: Figures/results_all/david3/197.pdf used on input line 
69.
(pdftex.def)             Requested size: 81.4103pt x 60.14742pt.

<Figures/results_all/david3/218.pdf, id=895, 614.295pt x 794.97pt>
File: Figures/results_all/david3/218.pdf Graphic file (type pdf)

<use Figures/results_all/david3/218.pdf>
Package pdftex.def Info: Figures/results_all/david3/218.pdf used on input line 
69.
(pdftex.def)             Requested size: 81.4103pt x 60.14742pt.

<Figures/results_all/david3/242.pdf, id=897, 614.295pt x 794.97pt>
File: Figures/results_all/david3/242.pdf Graphic file (type pdf)

<use Figures/results_all/david3/242.pdf>
Package pdftex.def Info: Figures/results_all/david3/242.pdf used on input line 
69.
(pdftex.def)             Requested size: 81.4103pt x 60.14742pt.

Overfull \hbox (11.47836pt too wide) in paragraph at lines 69--69
 [][] 
 []

<Figures/results_all/legend.pdf, id=899, 722.7pt x 542.025pt>
File: Figures/results_all/legend.pdf Graphic file (type pdf)

<use Figures/results_all/legend.pdf>
Package pdftex.def Info: Figures/results_all/legend.pdf used on input line 70.
(pdftex.def)             Requested size: 333.97972pt x 40.10376pt.
) [27 <C:/Users/pc1/Documents/ThesisReport/EnsembleTrackingThesis/Figures/Resul
ts/subway/041.pdf> <C:/Users/pc1/Documents/ThesisReport/EnsembleTrackingThesis/
Figures/Results/subway/042.pdf> <C:/Users/pc1/Documents/ThesisReport/EnsembleTr
ackingThesis/Figures/Results/subway/043.pdf> <C:/Users/pc1/Documents/ThesisRepo
rt/EnsembleTrackingThesis/Figures/Results/subway/044.pdf> <C:/Users/pc1/Documen
ts/ThesisReport/EnsembleTrackingThesis/Figures/Results/subway/045.pdf> <C:/User
s/pc1/Documents/ThesisReport/EnsembleTrackingThesis/Figures/Results/soccer/090.
pdf> <C:/Users/pc1/Documents/ThesisReport/EnsembleTrackingThesis/Figures/Result
s/soccer/110.pdf> <C:/Users/pc1/Documents/ThesisReport/EnsembleTrackingThesis/F
igures/Results/soccer/131.pdf> <C:/Users/pc1/Documents/ThesisReport/EnsembleTra
ckingThesis/Figures/Results/soccer/140.pdf> <C:/Users/pc1/Documents/ThesisRepor
t/EnsembleTrackingThesis/Figures/Results/soccer/150.pdf>] [28 <C:/Users/pc1/Doc
uments/ThesisReport/EnsembleTrackingThesis/Figures/results_all/bolt/015.pdf> <C
:/Users/pc1/Documents/ThesisReport/EnsembleTrackingThesis/Figures/results_all/b
olt/196.pdf> <C:/Users/pc1/Documents/ThesisReport/EnsembleTrackingThesis/Figure
s/results_all/bolt/236.pdf> <C:/Users/pc1/Documents/ThesisReport/EnsembleTracki
ngThesis/Figures/results_all/bolt/316.pdf> <C:/Users/pc1/Documents/ThesisReport
/EnsembleTrackingThesis/Figures/results_all/bolt/346.pdf> <C:/Users/pc1/Documen
ts/ThesisReport/EnsembleTrackingThesis/Figures/results_all/jogging-2/033.pdf> <
C:/Users/pc1/Documents/ThesisReport/EnsembleTrackingThesis/Figures/results_all/
jogging-2/071.pdf> <C:/Users/pc1/Documents/ThesisReport/EnsembleTrackingThesis/
Figures/results_all/jogging-2/104.pdf> <C:/Users/pc1/Documents/ThesisReport/Ens
embleTrackingThesis/Figures/results_all/jogging-2/258.pdf> <C:/Users/pc1/Docume
nts/ThesisReport/EnsembleTrackingThesis/Figures/results_all/jogging-2/305.pdf> 
<C:/Users/pc1/Documents/ThesisReport/EnsembleTrackingThesis/Figures/results_all
/singer-1/048.pdf> <C:/Users/pc1/Documents/ThesisReport/EnsembleTrackingThesis/
Figures/results_all/singer-1/131.pdf> <C:/Users/pc1/Documents/ThesisReport/Ense
mbleTrackingThesis/Figures/results_all/singer-1/179.pdf> <C:/Users/pc1/Document
s/ThesisReport/EnsembleTrackingThesis/Figures/results_all/singer-1/242.pdf> <C:
/Users/pc1/Documents/ThesisReport/EnsembleTrackingThesis/Figures/results_all/si
nger-1/306.pdf> <C:/Users/pc1/Documents/ThesisReport/EnsembleTrackingThesis/Fig
ures/results_all/football/005.pdf> <C:/Users/pc1/Documents/ThesisReport/Ensembl
eTrackingThesis/Figures/results_all/football/086.pdf> <C:/Users/pc1/Documents/T
hesisReport/EnsembleTrackingThesis/Figures/results_all/football/135.pdf> <C:/Us
ers/pc1/Documents/ThesisReport/EnsembleTrackingThesis/Figures/results_all/footb
all/325.pdf> <C:/Users/pc1/Documents/ThesisReport/EnsembleTrackingThesis/Figure
s/results_all/football/353.pdf> <C:/Users/pc1/Documents/ThesisReport/EnsembleTr
ackingThesis/Figures/results_all/singer-2/029.pdf> <C:/Users/pc1/Documents/Thes
isReport/EnsembleTrackingThesis/Figures/results_all/singer-2/069.pdf> <C:/Users
/pc1/Documents/ThesisReport/EnsembleTrackingThesis/Figures/results_all/singer-2
/155.pdf> <C:/Users/pc1/Documents/ThesisReport/EnsembleTrackingThesis/Figures/r
esults_all/singer-2/211.pdf> <C:/Users/pc1/Documents/ThesisReport/EnsembleTrack
ingThesis/Figures/results_all/singer-2/309.pdf> <C:/Users/pc1/Documents/ThesisR
eport/EnsembleTrackingThesis/Figures/results_all/skating1/058.pdf> <C:/Users/pc
1/Documents/ThesisReport/EnsembleTrackingThesis/Figures/results_all/skating1/09
3.pdf> <C:/Users/pc1/Documents/ThesisReport/EnsembleTrackingThesis/Figures/resu
lts_all/skating1/237.pdf> <C:/Users/pc1/Documents/ThesisReport/EnsembleTracking
Thesis/Figures/results_all/skating1/295.pdf> <C:/Users/pc1/Documents/ThesisRepo
rt/EnsembleTrackingThesis/Figures/results_all/skating1/329.pdf> <C:/Users/pc1/D
ocuments/ThesisReport/EnsembleTrackingThesis/Figures/results_all/david3/072.pdf
> <C:/Users/pc1/Documents/ThesisReport/EnsembleTrackingThesis/Figures/results_a
ll/david3/092.pdf> <C:/Users/pc1/Documents/ThesisReport/EnsembleTrackingThesis/
Figures/results_all/david3/197.pdf> <C:/Users/pc1/Documents/ThesisReport/Ensemb
leTrackingThesis/Figures/results_all/david3/218.pdf> <C:/Users/pc1/Documents/Th
esisReport/EnsembleTrackingThesis/Figures/results_all/david3/242.pdf> <C:/Users
/pc1/Documents/ThesisReport/EnsembleTrackingThesis/Figures/results_all/legend.p
df>]
<Figures/test.pdf, id=1149, 794.97pt x 614.295pt>
File: Figures/test.pdf Graphic file (type pdf)
 <use Figures/test.pdf>
Package pdftex.def Info: Figures/test.pdf used on input line 281.
(pdftex.def)             Requested size: 417.47307pt x 116.32475pt.

<Figures/bar_graph.pdf, id=1152, 794.97pt x 614.295pt>
File: Figures/bar_graph.pdf Graphic file (type pdf)

<use Figures/bar_graph.pdf>
Package pdftex.def Info: Figures/bar_graph.pdf used on input line 304.
(pdftex.def)             Requested size: 417.47307pt x 146.1319pt.


LaTeX Warning: `!h' float specifier changed to `!ht'.

[29 <C:/Users/pc1/Documents/ThesisReport/EnsembleTrackingThesis/Figures/test.pd
f, page is rotated 90 degrees>])
(C:\Users\pc1\Documents\ThesisReport\EnsembleTrackingThesis\Chapters/conclusion
s.tex [30 <C:/Users/pc1/Documents/ThesisReport/EnsembleTrackingThesis/Figures/b
ar_graph.pdf, page is rotated 90 degrees>]
Chapter 5.
------------------------------------------------------------------------------
 5 Conclusion and Future Work
------------------------------------------------------------------------------
) (C:\Users\pc1\Documents\ThesisReport\EnsembleTrackingThesis\main.gls [31

])
[32


]
------------------------------------------------------------------------------
 Bibliography
------------------------------------------------------------------------------
(C:\Users\pc1\Documents\ThesisReport\EnsembleTrackingThesis\main.bbl [33


]
[34] [35] [36] [37] [38])
Package atveryend Info: Empty hook `BeforeClearDocument' on input line 147.
 [39]
Package atveryend Info: Empty hook `AfterLastShipout' on input line 147.

(C:\Users\pc1\Documents\ThesisReport\EnsembleTrackingThesis\main.aux)
Package atveryend Info: Executing hook `AtVeryEndDocument' on input line 147.
Package atveryend Info: Executing hook `AtEndAfterFileList' on input line 147.
Package rerunfilecheck Info: File `main.out' has not changed.
(rerunfilecheck)             Checksum: F7D629B973B4779C6EEAD490964F2668;7052.
Package atveryend Info: Empty hook `AtVeryVeryEnd' on input line 147.
 ) 
Here is how much of TeX's memory you used:
 18661 strings out of 493921
 279569 string characters out of 3144883
 389314 words of memory out of 3000000
 21278 multiletter control sequences out of 15000+200000
 17681 words of font info for 65 fonts, out of 3000000 for 9000
 841 hyphenation exceptions out of 8191
 49i,12n,74p,1826b,653s stack positions out of 5000i,500n,10000p,200000b,50000s
<C:/Program Files (x86)/MiKTeX 2.9/fonts/type1/public/amsfonts/cm/cmbx10.pfb>
<C:/Program Files (x86)/MiKTeX 2.9/fonts/type1/public/amsfonts/cm/cmbx12.pfb><C
:/Program Files (x86)/MiKTeX 2.9/fonts/type1/public/amsfonts/cm/cmbx9.pfb><C:/P
rogram Files (x86)/MiKTeX 2.9/fonts/type1/public/amsfonts/cm/cmcsc10.pfb><C:/Pr
ogram Files (x86)/MiKTeX 2.9/fonts/type1/public/amsfonts/cm/cmex10.pfb><C:/Prog
ram Files (x86)/MiKTeX 2.9/fonts/type1/public/amsfonts/cm/cmmi10.pfb><C:/Progra
m Files (x86)/MiKTeX 2.9/fonts/type1/public/amsfonts/cm/cmmi6.pfb><C:/Program F
iles (x86)/MiKTeX 2.9/fonts/type1/public/amsfonts/cm/cmmi8.pfb><C:/Program File
s (x86)/MiKTeX 2.9/fonts/type1/public/amsfonts/cm/cmr10.pfb><C:/Program Files (
x86)/MiKTeX 2.9/fonts/type1/public/amsfonts/cm/cmr12.pfb><C:/Program Files (x86
)/MiKTeX 2.9/fonts/type1/public/amsfonts/cm/cmr8.pfb><C:/Program Files (x86)/Mi
KTeX 2.9/fonts/type1/public/amsfonts/cm/cmsl12.pfb><C:/Program Files (x86)/MiKT
eX 2.9/fonts/type1/public/amsfonts/cm/cmsy10.pfb><C:/Program Files (x86)/MiKTeX
 2.9/fonts/type1/public/amsfonts/cm/cmsy6.pfb><C:/Program Files (x86)/MiKTeX 2.
9/fonts/type1/public/amsfonts/cm/cmsy8.pfb><C:/Program Files (x86)/MiKTeX 2.9/f
onts/type1/public/amsfonts/cm/cmti10.pfb><C:/Program Files (x86)/MiKTeX 2.9/fon
ts/type1/public/amsfonts/cm/cmti12.pfb><C:/Program Files (x86)/MiKTeX 2.9/fonts
/type1/public/amsfonts/cm/cmtt10.pfb>
Output written on main.pdf (47 pages, 5033338 bytes).
PDF statistics:
 1333 PDF objects out of 1440 (max. 8388607)
 230 named destinations out of 1000 (max. 500000)
 1059 words of extra memory for PDF output out of 10000 (max. 10000000)

