\BOOKMARK [0][-]{dummy.1}{\376\377\000D\000e\000c\000l\000a\000r\000a\000t\000i\000o\000n\000\040\000o\000f\000\040\000A\000u\000t\000h\000o\000r\000s\000h\000i\000p}{}% 1
\BOOKMARK [0][-]{dummy.2}{\376\377\000A\000b\000s\000t\000r\000a\000c\000t}{}% 2
\BOOKMARK [0][-]{dummy.3}{\376\377\000A\000c\000k\000n\000o\000w\000l\000e\000d\000g\000e\000m\000e\000n\000t\000s}{}% 3
\BOOKMARK [0][-]{dummy.4}{\376\377\000C\000o\000n\000t\000e\000n\000t\000s}{}% 4
\BOOKMARK [0][-]{dummy.6}{\376\377\000L\000i\000s\000t\000\040\000o\000f\000\040\000F\000i\000g\000u\000r\000e\000s}{}% 5
\BOOKMARK [0][-]{dummy.8}{\376\377\000L\000i\000s\000t\000\040\000o\000f\000\040\000T\000a\000b\000l\000e\000s}{}% 6
\BOOKMARK [0][-]{dummy.10}{\376\377\000A\000b\000b\000r\000e\000v\000i\000a\000t\000i\000o\000n\000s}{}% 7
\BOOKMARK [0][-]{dummy.13}{\376\377\000P\000h\000y\000s\000i\000c\000a\000l\000\040\000C\000o\000n\000s\000t\000a\000n\000t\000s}{}% 8
\BOOKMARK [0][-]{dummy.16}{\376\377\000S\000y\000m\000b\000o\000l\000s}{}% 9
\BOOKMARK [0][-]{chapter.19}{\376\377\0001\000\040\000I\000n\000t\000r\000o\000d\000u\000c\000t\000i\000o\000n}{}% 10
\BOOKMARK [1][-]{section.20}{\376\377\0001\000.\0001\000\040\000G\000o\000a\000l\000s}{chapter.19}% 11
\BOOKMARK [0][-]{chapter.21}{\376\377\0002\000\040\000M\000o\000v\000i\000n\000g\000\040\000O\000b\000j\000e\000c\000t\000\040\000D\000e\000t\000e\000c\000t\000i\000o\000n\000\040\000A\000p\000p\000r\000o\000a\000c\000h\000e\000s\000,\000\040\000C\000h\000a\000l\000l\000e\000n\000g\000e\000s\000,\000\040\000D\000a\000t\000a\000s\000e\000t\000s\000\040\000a\000n\000d\000\040\000O\000b\000j\000e\000c\000t\000\040\000T\000r\000a\000c\000k\000i\000n\000g}{}% 12
\BOOKMARK [1][-]{section.22}{\376\377\0002\000.\0001\000\040\000M\000o\000v\000i\000n\000g\000\040\000O\000b\000j\000e\000c\000t\000\040\000D\000e\000t\000e\000c\000t\000i\000o\000n}{chapter.21}% 13
\BOOKMARK [2][-]{subsection.23}{\376\377\0002\000.\0001\000.\0001\000\040\000B\000a\000c\000k\000g\000r\000o\000u\000n\000d\000\040\000S\000u\000b\000s\000t\000r\000a\000c\000t\000i\000o\000n}{section.22}% 14
\BOOKMARK [2][-]{subsection.25}{\376\377\0002\000.\0001\000.\0002\000\040\000T\000e\000m\000p\000o\000r\000a\000l\000\040\000d\000i\000f\000f\000e\000r\000e\000n\000c\000i\000n\000g}{section.22}% 15
\BOOKMARK [2][-]{subsection.26}{\376\377\0002\000.\0001\000.\0003\000\040\000S\000t\000a\000t\000i\000s\000t\000i\000c\000a\000l\000\040\000A\000p\000p\000r\000o\000a\000c\000h\000e\000s}{section.22}% 16
\BOOKMARK [2][-]{subsection.27}{\376\377\0002\000.\0001\000.\0004\000\040\000P\000o\000i\000n\000t\000\040\000d\000e\000t\000e\000c\000t\000o\000r\000s}{section.22}% 17
\BOOKMARK [1][-]{section.28}{\376\377\0002\000.\0002\000\040\000C\000h\000a\000l\000l\000e\000n\000g\000e\000s}{chapter.21}% 18
\BOOKMARK [1][-]{section.29}{\376\377\0002\000.\0003\000\040\000T\000r\000a\000c\000k\000i\000n\000g\000\040\000D\000a\000t\000a\000s\000e\000t\000s}{chapter.21}% 19
\BOOKMARK [1][-]{section.31}{\376\377\0002\000.\0004\000\040\000O\000b\000j\000e\000c\000t\000\040\000T\000r\000a\000c\000k\000i\000n\000g}{chapter.21}% 20
\BOOKMARK [2][-]{subsection.32}{\376\377\0002\000.\0004\000.\0001\000\040\000P\000o\000i\000n\000t\000\040\000T\000r\000a\000c\000k\000i\000n\000g}{section.31}% 21
\BOOKMARK [2][-]{subsection.34}{\376\377\0002\000.\0004\000.\0002\000\040\000K\000e\000r\000n\000e\000l\000\040\000T\000r\000a\000c\000k\000i\000n\000g}{section.31}% 22
\BOOKMARK [2][-]{subsection.36}{\376\377\0002\000.\0004\000.\0003\000\040\000S\000i\000l\000h\000o\000u\000e\000t\000t\000e\000\040\000T\000r\000a\000c\000k\000i\000n\000g}{section.31}% 23
\BOOKMARK [2][-]{subsection.37}{\376\377\0002\000.\0004\000.\0004\000\040\000T\000r\000a\000c\000k\000i\000n\000g\000\040\000a\000p\000p\000l\000y\000i\000n\000g\000\040\000f\000u\000s\000i\000o\000n\000\040\000o\000f\000\040\000t\000r\000a\000c\000k\000e\000r\000s\000\040\000o\000r\000\040\000f\000e\000a\000t\000u\000r\000e\000s}{section.31}% 24
\BOOKMARK [0][-]{chapter.38}{\376\377\0003\000\040\000P\000r\000o\000p\000o\000s\000e\000d\000\040\000A\000p\000p\000r\000o\000a\000c\000h}{}% 25
\BOOKMARK [1][-]{section.39}{\376\377\0003\000.\0001\000\040\000T\000h\000e\000\040\000T\000r\000a\000c\000k\000i\000n\000g\000\040\000L\000o\000o\000p}{chapter.38}% 26
\BOOKMARK [1][-]{section.40}{\376\377\0003\000.\0002\000\040\000T\000r\000a\000c\000k\000i\000n\000g\000\040\000s\000y\000s\000t\000e\000m\000\040\000o\000v\000e\000r\000v\000i\000e\000w}{chapter.38}% 27
\BOOKMARK [2][-]{subsection.41}{\376\377\0003\000.\0002\000.\0001\000\040\000B\000a\000s\000i\000c\000\040\000o\000v\000e\000r\000v\000i\000e\000w}{section.40}% 28
\BOOKMARK [2][-]{subsection.43}{\376\377\0003\000.\0002\000.\0002\000\040\000T\000r\000a\000c\000k\000e\000r\000s\000\040\000b\000o\000u\000n\000d\000i\000n\000g\000\040\000b\000o\000x\000e\000s\000\040\000c\000l\000u\000s\000t\000e\000r\000i\000n\000g}{section.40}% 29
\BOOKMARK [2][-]{subsection.46}{\376\377\0003\000.\0002\000.\0003\000\040\000O\000b\000j\000e\000c\000t\000\040\000m\000o\000d\000e\000l\000i\000n\000g}{section.40}% 30
\BOOKMARK [2][-]{subsection.48}{\376\377\0003\000.\0002\000.\0004\000\040\000B\000e\000s\000t\000\040\000c\000l\000u\000s\000t\000e\000r\000\040\000s\000e\000l\000e\000c\000t\000i\000o\000n}{section.40}% 31
\BOOKMARK [2][-]{subsection.52}{\376\377\0003\000.\0002\000.\0005\000\040\000B\000e\000s\000t\000\040\000t\000r\000a\000c\000k\000e\000r\000\040\000s\000e\000l\000e\000c\000t\000i\000o\000n}{section.40}% 32
\BOOKMARK [2][-]{subsection.55}{\376\377\0003\000.\0002\000.\0006\000\040\000T\000r\000a\000c\000k\000e\000r\000s\000\040\000r\000e\000s\000e\000t}{section.40}% 33
\BOOKMARK [2][-]{subsection.57}{\376\377\0003\000.\0002\000.\0007\000\040\000O\000b\000j\000e\000c\000t\000\040\000m\000o\000d\000e\000l\000\040\000u\000p\000d\000a\000t\000e}{section.40}% 34
\BOOKMARK [0][-]{chapter.58}{\376\377\0004\000\040\000E\000x\000p\000e\000r\000i\000m\000e\000n\000t\000s\000\040\000a\000n\000d\000\040\000r\000e\000s\000u\000l\000t\000s}{}% 35
\BOOKMARK [1][-]{section.59}{\376\377\0004\000.\0001\000\040\000E\000x\000p\000e\000r\000i\000m\000e\000n\000t\000a\000l\000\040\000s\000e\000t\000u\000p}{chapter.58}% 36
\BOOKMARK [1][-]{section.60}{\376\377\0004\000.\0002\000\040\000E\000v\000a\000l\000u\000a\000t\000i\000o\000n\000\040\000M\000e\000t\000h\000o\000d\000o\000l\000o\000g\000y}{chapter.58}% 37
\BOOKMARK [1][-]{section.62}{\376\377\0004\000.\0003\000\040\000E\000x\000p\000e\000r\000i\000m\000e\000n\000t\000s\000\040\000w\000i\000t\000h\000\040\000s\000e\000q\000u\000e\000n\000c\000e\000\040\000a\000t\000t\000r\000i\000b\000u\000t\000e\000s}{chapter.58}% 38
\BOOKMARK [0][-]{dummy.63}{\376\377\000B\000i\000b\000l\000i\000o\000g\000r\000a\000p\000h\000y}{}% 39
